2025-10-21 00:28:39 [main] INFO  o.s.t.c.s.AnnotationConfigContextLoaderUtils.detectDefaultConfigurationClasses - Could not detect default configuration classes for test class [com.capfer.microservices.demo.twitter.kafka.service.TwitterToKafkaServiceApplicationTest]: TwitterToKafkaServiceApplicationTest does not declare any static, non-private, non-final, nested classes annotated with @Configuration.
2025-10-21 00:28:39 [main] INFO  o.s.b.t.c.SpringBootTestContextBootstrapper.getOrFindConfigurationClasses - Found @SpringBootConfiguration com.capfer.microservices.demo.twitter.kafka.service.TwitterToKafkaServiceApplication for test class com.capfer.microservices.demo.twitter.kafka.service.TwitterToKafkaServiceApplicationTest
2025-10-21 00:28:39 [main] INFO  c.c.m.d.t.k.s.TwitterToKafkaServiceApplicationTest.logStarting - Starting TwitterToKafkaServiceApplicationTest using Java 24.0.2 with PID 9423 (started by carlos in /Users/carlos/javaTuts/modern-spring-microservices-with-kafka/microservices-demo/twitter-kafka-service)
2025-10-21 00:28:39 [main] INFO  c.c.m.d.t.k.s.TwitterToKafkaServiceApplicationTest.logStartupProfileInfo - No active profile set, falling back to 1 default profile: "default"
2025-10-21 00:28:39 [main] INFO  c.c.m.d.t.k.s.TwitterToKafkaServiceApplicationTest.logStarted - Started TwitterToKafkaServiceApplicationTest in 0.34 seconds (process running for 0.88)
2025-10-21 00:28:39 [main] INFO  c.c.m.d.t.k.s.TwitterToKafkaServiceApplication.run - Application starts...
2025-10-21 00:28:39 [main] INFO  c.c.m.d.t.k.s.TwitterToKafkaServiceApplication.run - [Java, Microservices, Spring, Kafka, ElasticSearch, elon, mask, trump]
2025-10-21 00:28:39 [main] INFO  c.c.m.d.t.k.s.TwitterToKafkaServiceApplication.run - Hello, Microservices!
2025-10-21 00:28:39 [Twitter Stream consumer /  [1][initializing]] INFO  twitter4j.TwitterStreamImpl.info - Establishing connection.
2025-10-21 00:28:39 [main] INFO  c.c.m.d.t.k.r.i.TwitterKafkaStreamRunnerImpl.addFilter - Started filtering twitter stream for keywords [Java, Microservices, Spring, Kafka, ElasticSearch, elon, mask, trump]
2025-10-21 00:28:39 [SpringApplicationShutdownHook] INFO  c.c.m.d.t.k.r.i.TwitterKafkaStreamRunnerImpl.shutdown - Closing twitter stream
2025-10-21 00:37:52 [main] INFO  o.s.t.c.s.AnnotationConfigContextLoaderUtils.detectDefaultConfigurationClasses - Could not detect default configuration classes for test class [com.capfer.microservices.demo.twitter.kafka.service.TwitterToKafkaServiceApplicationTest]: TwitterToKafkaServiceApplicationTest does not declare any static, non-private, non-final, nested classes annotated with @Configuration.
2025-10-21 00:37:52 [main] INFO  o.s.b.t.c.SpringBootTestContextBootstrapper.getOrFindConfigurationClasses - Found @SpringBootConfiguration com.capfer.microservices.demo.twitter.kafka.service.TwitterToKafkaServiceApplication for test class com.capfer.microservices.demo.twitter.kafka.service.TwitterToKafkaServiceApplicationTest
2025-10-21 00:37:52 [main] INFO  c.c.m.d.t.k.s.TwitterToKafkaServiceApplicationTest.logStarting - Starting TwitterToKafkaServiceApplicationTest using Java 24.0.2 with PID 9569 (started by carlos in /Users/carlos/javaTuts/modern-spring-microservices-with-kafka/microservices-demo/twitter-kafka-service)
2025-10-21 00:37:52 [main] INFO  c.c.m.d.t.k.s.TwitterToKafkaServiceApplicationTest.logStartupProfileInfo - No active profile set, falling back to 1 default profile: "default"
2025-10-21 00:37:52 [main] INFO  c.c.m.d.t.k.s.TwitterToKafkaServiceApplicationTest.logStarted - Started TwitterToKafkaServiceApplicationTest in 0.34 seconds (process running for 0.863)
2025-10-21 00:37:52 [main] INFO  c.c.m.d.t.k.s.TwitterToKafkaServiceApplication.run - Application starts...
2025-10-21 00:37:52 [main] INFO  c.c.m.d.t.k.s.TwitterToKafkaServiceApplication.run - [Java, Microservices, Spring, Kafka, ElasticSearch, elon, mask, trump]
2025-10-21 00:37:52 [main] INFO  c.c.m.d.t.k.s.TwitterToKafkaServiceApplication.run - Hello, Microservices!
2025-10-21 00:37:52 [Twitter Stream consumer /  [2][initializing]] INFO  twitter4j.TwitterStreamImpl.info - Establishing connection.
2025-10-21 00:37:52 [Twitter Stream consumer /  [1][Disposing thread]] INFO  twitter4j.TwitterStreamImpl.info - Establishing connection.
2025-10-21 00:37:52 [main] INFO  c.c.m.d.t.k.r.i.TwitterKafkaStreamRunnerImpl.addFilter - Started filtering twitter stream for keywords [Java, Microservices, Spring, Kafka, ElasticSearch, elon, mask, trump]
2025-10-21 00:37:52 [SpringApplicationShutdownHook] INFO  c.c.m.d.t.k.r.i.TwitterKafkaStreamRunnerImpl.shutdown - Closing twitter stream
2025-10-21 00:44:20 [main] INFO  o.s.t.c.s.AnnotationConfigContextLoaderUtils.detectDefaultConfigurationClasses - Could not detect default configuration classes for test class [com.capfer.microservices.demo.twitter.kafka.service.TwitterToKafkaServiceApplicationTest]: TwitterToKafkaServiceApplicationTest does not declare any static, non-private, non-final, nested classes annotated with @Configuration.
2025-10-21 00:44:20 [main] INFO  o.s.b.t.c.SpringBootTestContextBootstrapper.getOrFindConfigurationClasses - Found @SpringBootConfiguration com.capfer.microservices.demo.twitter.kafka.service.TwitterToKafkaServiceApplication for test class com.capfer.microservices.demo.twitter.kafka.service.TwitterToKafkaServiceApplicationTest
2025-10-21 00:44:21 [main] INFO  c.c.m.d.t.k.s.TwitterToKafkaServiceApplicationTest.logStarting - Starting TwitterToKafkaServiceApplicationTest using Java 24.0.2 with PID 9655 (started by carlos in /Users/carlos/javaTuts/modern-spring-microservices-with-kafka/microservices-demo/twitter-kafka-service)
2025-10-21 00:44:21 [main] INFO  c.c.m.d.t.k.s.TwitterToKafkaServiceApplicationTest.logStartupProfileInfo - No active profile set, falling back to 1 default profile: "default"
2025-10-21 00:44:21 [main] INFO  c.c.m.d.t.k.s.TwitterToKafkaServiceApplicationTest.logStarted - Started TwitterToKafkaServiceApplicationTest in 0.339 seconds (process running for 0.867)
2025-10-21 00:44:21 [main] INFO  c.c.m.d.t.k.s.TwitterToKafkaServiceApplication.run - Application starts...
2025-10-21 00:44:21 [main] INFO  c.c.m.d.t.k.s.TwitterToKafkaServiceApplication.run - [Java, Microservices, Spring, Kafka, ElasticSearch, elon, mask, trump]
2025-10-21 00:44:21 [main] INFO  c.c.m.d.t.k.s.TwitterToKafkaServiceApplication.run - Hello, Microservices!
2025-10-21 00:44:21 [Twitter Stream consumer /  [1][initializing]] INFO  twitter4j.TwitterStreamImpl.info - Establishing connection.
2025-10-21 00:44:21 [Twitter Stream consumer /  [2][initializing]] INFO  twitter4j.TwitterStreamImpl.info - Establishing connection.
2025-10-21 00:44:21 [main] INFO  c.c.m.d.t.k.r.i.TwitterKafkaStreamRunnerImpl.addFilter - Started filtering twitter stream for keywords [Java, Microservices, Spring, Kafka, ElasticSearch, elon, mask, trump]
2025-10-21 00:44:21 [SpringApplicationShutdownHook] INFO  c.c.m.d.t.k.r.i.TwitterKafkaStreamRunnerImpl.shutdown - Closing twitter stream
2025-10-21 01:38:58 [main] INFO  o.s.t.c.s.AnnotationConfigContextLoaderUtils.detectDefaultConfigurationClasses - Could not detect default configuration classes for test class [com.capfer.microservices.demo.twitter.kafka.service.TwitterToKafkaServiceApplicationTest]: TwitterToKafkaServiceApplicationTest does not declare any static, non-private, non-final, nested classes annotated with @Configuration.
2025-10-21 01:38:59 [main] INFO  o.s.b.t.c.SpringBootTestContextBootstrapper.getOrFindConfigurationClasses - Found @SpringBootConfiguration com.capfer.microservices.demo.twitter.kafka.service.TwitterToKafkaServiceApplication for test class com.capfer.microservices.demo.twitter.kafka.service.TwitterToKafkaServiceApplicationTest
2025-10-21 01:38:59 [main] INFO  c.c.m.d.t.k.s.TwitterToKafkaServiceApplicationTest.logStarting - Starting TwitterToKafkaServiceApplicationTest using Java 24.0.2 with PID 10522 (started by carlos in /Users/carlos/javaTuts/modern-spring-microservices-with-kafka/microservices-demo/twitter-kafka-service)
2025-10-21 01:38:59 [main] INFO  c.c.m.d.t.k.s.TwitterToKafkaServiceApplicationTest.logStartupProfileInfo - No active profile set, falling back to 1 default profile: "default"
2025-10-21 01:38:59 [main] INFO  c.c.m.d.t.k.s.TwitterToKafkaServiceApplicationTest.logStarted - Started TwitterToKafkaServiceApplicationTest in 0.345 seconds (process running for 0.88)
2025-10-21 01:38:59 [main] INFO  c.c.m.d.t.k.s.TwitterToKafkaServiceApplication.run - Application starts...
2025-10-21 01:38:59 [main] INFO  c.c.m.d.t.k.s.TwitterToKafkaServiceApplication.run - [Java, Microservices, Spring, Kafka, ElasticSearch, elon, mask, trump]
2025-10-21 01:38:59 [main] INFO  c.c.m.d.t.k.s.TwitterToKafkaServiceApplication.run - Hello, Microservices!
2025-10-21 01:38:59 [Twitter Stream consumer /  [1][initializing]] INFO  twitter4j.TwitterStreamImpl.info - Establishing connection.
2025-10-21 01:38:59 [Twitter Stream consumer /  [2][initializing]] INFO  twitter4j.TwitterStreamImpl.info - Establishing connection.
2025-10-21 01:38:59 [main] INFO  c.c.m.d.t.k.r.i.TwitterKafkaStreamRunnerImpl.addFilter - Started filtering twitter stream for keywords [Java, Microservices, Spring, Kafka, ElasticSearch, elon, mask, trump]
2025-10-21 01:39:00 [Twitter Stream consumer /  [2][Establishing connection]] INFO  twitter4j.TwitterStreamImpl.info - https://stream.twitter.com/1.1/statuses/filter.json
2025-10-21 01:39:00 [Twitter Stream consumer /  [1][Establishing connection]] INFO  twitter4j.TwitterStreamImpl.info - https://stream.twitter.com/1.1/statuses/sample.json?stall_warnings=true
2025-10-21 01:39:00 [Twitter Stream consumer /  [2][Establishing connection]] INFO  twitter4j.TwitterStreamImpl.info - Waiting for 250 milliseconds
2025-10-21 01:39:00 [main] INFO  c.c.m.d.t.k.s.TwitterToKafkaServiceApplication.logTweets - tweets = TweetsResponse(rateLimitStatus=RateLimitStatusJSONImpl{remaining=0, limit=1, resetTimeInSeconds=1760997273, secondsUntilReset=-38667}, accessLevel=1, tweets=[Tweet(id=1519966129946791936, text=コスプレ体験エリアすごかったなぁ！#超会議2022 https://t.co/BK6iAsT2qE, source=null, lang=null, createdAt=null, publicMetrics=null, nonPublicMetrics=null, organicMetrics=null, possiblySensitive=false, urls=[], hashtags=[], mentions=[], authorId=null, pollId=null, placeId=null, repliedToTweetId=null, quotedTweetId=null, retweetId=null, conversationId=null, mediaKeys=[MediaKey(value=3_1519966116327849984), MediaKey(value=3_1519966116353015809), MediaKey(value=3_1519966116797612037), MediaKey(value=3_1519966120467648512)], editHistoryTweetIds=[1519966129946791936], editControls=null)], pollsMap={}, mediaMap={MediaKey(value=3_1519966116327849984)=Photo(mediaKey=MediaKey(value=3_1519966116327849984), type=Photo, altText=null, url=https://pbs.twimg.com/media/FRgBITJaAAAu6rV.jpg, width=1536, height=2048), MediaKey(value=3_1519966116797612037)=Photo(mediaKey=MediaKey(value=3_1519966116797612037), type=Photo, altText=null, url=https://pbs.twimg.com/media/FRgBIU5aAAUNVA1.jpg, width=1536, height=2048), MediaKey(value=3_1519966120467648512)=Photo(mediaKey=MediaKey(value=3_1519966120467648512), type=Photo, altText=null, url=https://pbs.twimg.com/media/FRgBIikaUAAx5mG.jpg, width=1536, height=2048), MediaKey(value=3_1519966116353015809)=Photo(mediaKey=MediaKey(value=3_1519966116353015809), type=Photo, altText=null, url=https://pbs.twimg.com/media/FRgBITPaAAER7p0.jpg, width=1536, height=2048)}, usersMap={}, tweetsMap={}, placesMap={}, meta=null, errors=[])
2025-10-21 01:39:00 [Twitter Stream consumer /  [2][Waiting for 250 milliseconds]] INFO  twitter4j.TwitterStreamImpl.info - Establishing connection.
2025-10-21 01:39:00 [main] INFO  c.c.m.d.t.k.s.TwitterToKafkaServiceApplication.logTweets - users = UsersResponse(rateLimitStatus=RateLimitStatusJSONImpl{remaining=1199999, limit=1200000, resetTimeInSeconds=1760997273, secondsUntilReset=-38667}, accessLevel=1, users=[User2(id=87532773, location=null, createdAt=null, screenName=XDesign, protected=false, publicMetrics=null, urlEntities=null, descriptionEntity=null, description=null, url=null, profileImageUrl=null, name=X Design, verified=false, pinnedTweetId=null)], pollsMap={}, usersMap={}, tweetsMap={}, meta=null)
2025-10-21 01:39:00 [Twitter Stream consumer /  [2][Establishing connection]] INFO  twitter4j.TwitterStreamImpl.info - https://stream.twitter.com/1.1/statuses/filter.json
2025-10-21 01:39:00 [Twitter Stream consumer /  [2][Establishing connection]] INFO  twitter4j.TwitterStreamImpl.info - Waiting for 500 milliseconds
2025-10-21 01:39:00 [SpringApplicationShutdownHook] INFO  c.c.m.d.t.k.r.i.TwitterKafkaStreamRunnerImpl.shutdown - Closing twitter stream
