2025-10-22 20:40:31 [main] INFO  c.c.m.d.t.k.s.TwitterToKafkaServiceApplication.logStarting - Starting TwitterToKafkaServiceApplication using Java 21.0.8 with PID 73294 (/Users/carlos/javaTuts/modern-spring-microservices-with-kafka/microservices-demo/twitter-kafka-service/target/classes started by carlos in /Users/carlos/javaTuts/modern-spring-microservices-with-kafka/microservices-demo)
2025-10-22 20:40:31 [main] INFO  c.c.m.d.t.k.s.TwitterToKafkaServiceApplication.logStartupProfileInfo - No active profile set, falling back to 1 default profile: "default"
2025-10-22 20:40:32 [main] WARN  o.s.c.a.AnnotationConfigApplicationContext.refresh - Exception encountered during context initialization - cancelling refresh attempt: org.springframework.beans.factory.UnsatisfiedDependencyException: Error creating bean with name 'twitterToKafkaServiceApplication': Unsatisfied dependency expressed through constructor parameter 1: No qualifying bean of type 'com.capfer.microservices.demo.twitter.kafka.runner.StreamRunner' available: expected single matching bean but found 2: twitterKafkaStreamRunner,twitterV2KafkaStreamRunner
2025-10-22 20:40:32 [main] INFO  o.s.b.a.l.ConditionEvaluationReportLogger.logMessage - 

Error starting ApplicationContext. To display the condition evaluation report re-run your application with 'debug' enabled.
2025-10-22 20:40:32 [main] ERROR o.s.b.d.LoggingFailureAnalysisReporter.report - 

***************************
APPLICATION FAILED TO START
***************************

Description:

Parameter 1 of constructor in com.capfer.microservices.demo.twitter.kafka.service.TwitterToKafkaServiceApplication required a single bean, but 2 were found:
	- twitterKafkaStreamRunner: defined in file [/Users/carlos/javaTuts/modern-spring-microservices-with-kafka/microservices-demo/twitter-kafka-service/target/classes/com/capfer/microservices/demo/twitter/kafka/runner/impl/TwitterKafkaStreamRunner.class]
	- twitterV2KafkaStreamRunner: defined in file [/Users/carlos/javaTuts/modern-spring-microservices-with-kafka/microservices-demo/twitter-kafka-service/target/classes/com/capfer/microservices/demo/twitter/kafka/runner/impl/TwitterV2KafkaStreamRunner.class]

This may be due to missing parameter name information

Action:

Consider marking one of the beans as @Primary, updating the consumer to accept multiple beans, or using @Qualifier to identify the bean that should be consumed

Ensure that your compiler is configured to use the '-parameters' flag.
You may need to update both your build tool settings as well as your IDE.
(See https://github.com/spring-projects/spring-framework/wiki/Spring-Framework-6.1-Release-Notes#parameter-name-retention)


2025-10-22 20:44:01 [main] INFO  c.c.m.d.t.k.s.TwitterToKafkaServiceApplication.logStarting - Starting TwitterToKafkaServiceApplication using Java 21.0.8 with PID 73420 (/Users/carlos/javaTuts/modern-spring-microservices-with-kafka/microservices-demo/twitter-kafka-service/target/classes started by carlos in /Users/carlos/javaTuts/modern-spring-microservices-with-kafka/microservices-demo)
2025-10-22 20:44:01 [main] INFO  c.c.m.d.t.k.s.TwitterToKafkaServiceApplication.logStartupProfileInfo - No active profile set, falling back to 1 default profile: "default"
2025-10-22 20:44:01 [main] INFO  c.c.m.d.t.k.s.TwitterToKafkaServiceApplication.logStarted - Started TwitterToKafkaServiceApplication in 0.462 seconds (process running for 0.729)
2025-10-22 20:44:01 [main] INFO  c.c.m.d.t.k.s.TwitterToKafkaServiceApplication.run - Application starts...
2025-10-22 20:44:01 [main] INFO  c.c.m.d.t.k.s.TwitterToKafkaServiceApplication.run - [Java, Microservices, Spring, Kafka, ElasticSearch, elon, mask, trump]
2025-10-22 20:44:01 [main] INFO  c.c.m.d.t.k.s.TwitterToKafkaServiceApplication.run - Hello, Microservices!
2025-10-22 20:44:01 [main] INFO  c.c.m.d.t.k.r.i.TwitterV2KafkaStreamRunner.getRules - Created filter for twitter stream for keyword: [Java, Microservices, Spring, Kafka, ElasticSearch, elon, mask, trump]
2025-10-22 20:44:03 [main] INFO  c.c.m.d.t.k.r.i.TwitterV2StreamHelper.setupRules - Created rules for twitter stream Java
2025-10-22 20:44:03 [main] INFO  o.s.b.a.l.ConditionEvaluationReportLogger.logMessage - 

Error starting ApplicationContext. To display the condition evaluation report re-run your application with 'debug' enabled.
2025-10-22 20:44:03 [main] ERROR o.s.boot.SpringApplication.reportFailure - Application run failed
java.lang.NullPointerException: Cannot invoke "String.isEmpty()" because "line" is null
	at com.capfer.microservices.demo.twitter.kafka.runner.impl.TwitterV2StreamHelper.connectStream(TwitterV2StreamHelper.java:88)
	at com.capfer.microservices.demo.twitter.kafka.runner.impl.TwitterV2KafkaStreamRunner.start(TwitterV2KafkaStreamRunner.java:45)
	at com.capfer.microservices.demo.twitter.kafka.service.TwitterToKafkaServiceApplication.run(TwitterToKafkaServiceApplication.java:41)
	at org.springframework.boot.SpringApplication.lambda$callRunner$5(SpringApplication.java:788)
	at org.springframework.util.function.ThrowingConsumer$1.acceptWithException(ThrowingConsumer.java:82)
	at org.springframework.util.function.ThrowingConsumer.accept(ThrowingConsumer.java:60)
	at org.springframework.util.function.ThrowingConsumer$1.accept(ThrowingConsumer.java:86)
	at org.springframework.boot.SpringApplication.callRunner(SpringApplication.java:796)
	at org.springframework.boot.SpringApplication.callRunner(SpringApplication.java:787)
	at org.springframework.boot.SpringApplication.lambda$callRunners$3(SpringApplication.java:772)
	at java.base/java.util.stream.ForEachOps$ForEachOp$OfRef.accept(ForEachOps.java:184)
	at java.base/java.util.stream.SortedOps$SizedRefSortingSink.end(SortedOps.java:357)
	at java.base/java.util.stream.AbstractPipeline.copyInto(AbstractPipeline.java:510)
	at java.base/java.util.stream.AbstractPipeline.wrapAndCopyInto(AbstractPipeline.java:499)
	at java.base/java.util.stream.ForEachOps$ForEachOp.evaluateSequential(ForEachOps.java:151)
	at java.base/java.util.stream.ForEachOps$ForEachOp$OfRef.evaluateSequential(ForEachOps.java:174)
	at java.base/java.util.stream.AbstractPipeline.evaluate(AbstractPipeline.java:234)
	at java.base/java.util.stream.ReferencePipeline.forEach(ReferencePipeline.java:596)
	at org.springframework.boot.SpringApplication.callRunners(SpringApplication.java:772)
	at org.springframework.boot.SpringApplication.run(SpringApplication.java:325)
	at org.springframework.boot.SpringApplication.run(SpringApplication.java:1361)
	at org.springframework.boot.SpringApplication.run(SpringApplication.java:1350)
	at com.capfer.microservices.demo.twitter.kafka.service.TwitterToKafkaServiceApplication.main(TwitterToKafkaServiceApplication.java:32)
2025-10-22 20:47:33 [main] INFO  c.c.m.d.t.k.s.TwitterToKafkaServiceApplication.logStarting - Starting TwitterToKafkaServiceApplication using Java 21.0.8 with PID 73868 (/Users/carlos/javaTuts/modern-spring-microservices-with-kafka/microservices-demo/twitter-kafka-service/target/classes started by carlos in /Users/carlos/javaTuts/modern-spring-microservices-with-kafka/microservices-demo)
2025-10-22 20:47:33 [main] INFO  c.c.m.d.t.k.s.TwitterToKafkaServiceApplication.logStartupProfileInfo - No active profile set, falling back to 1 default profile: "default"
2025-10-22 20:47:33 [main] INFO  c.c.m.d.t.k.s.TwitterToKafkaServiceApplication.logStarted - Started TwitterToKafkaServiceApplication in 0.546 seconds (process running for 1.246)
2025-10-22 20:47:33 [main] INFO  c.c.m.d.t.k.s.TwitterToKafkaServiceApplication.run - Application starts...
2025-10-22 20:47:33 [main] INFO  c.c.m.d.t.k.s.TwitterToKafkaServiceApplication.run - [Java, Microservices, Spring, Kafka, ElasticSearch, elon, mask, trump]
2025-10-22 20:47:33 [main] INFO  c.c.m.d.t.k.s.TwitterToKafkaServiceApplication.run - Hello, Microservices!
2025-10-22 20:47:50 [main] INFO  c.c.m.d.t.k.r.i.TwitterV2KafkaStreamRunner.getRules - Created filter for twitter stream for keyword: [Java, Microservices, Spring, Kafka, ElasticSearch, elon, mask, trump]
2025-10-22 20:47:52 [main] INFO  c.c.m.d.t.k.r.i.TwitterV2StreamHelper.setupRules - Created rules for twitter stream Java
2025-10-22 20:47:52 [main] INFO  o.s.b.a.l.ConditionEvaluationReportLogger.logMessage - 

Error starting ApplicationContext. To display the condition evaluation report re-run your application with 'debug' enabled.
2025-10-22 20:47:52 [main] ERROR o.s.boot.SpringApplication.reportFailure - Application run failed
java.lang.NullPointerException: Cannot invoke "String.isEmpty()" because "line" is null
	at com.capfer.microservices.demo.twitter.kafka.runner.impl.TwitterV2StreamHelper.connectStream(TwitterV2StreamHelper.java:88)
	at com.capfer.microservices.demo.twitter.kafka.runner.impl.TwitterV2KafkaStreamRunner.start(TwitterV2KafkaStreamRunner.java:45)
	at com.capfer.microservices.demo.twitter.kafka.service.TwitterToKafkaServiceApplication.run(TwitterToKafkaServiceApplication.java:41)
	at org.springframework.boot.SpringApplication.lambda$callRunner$5(SpringApplication.java:788)
	at org.springframework.util.function.ThrowingConsumer$1.acceptWithException(ThrowingConsumer.java:82)
	at org.springframework.util.function.ThrowingConsumer.accept(ThrowingConsumer.java:60)
	at org.springframework.util.function.ThrowingConsumer$1.accept(ThrowingConsumer.java:86)
	at org.springframework.boot.SpringApplication.callRunner(SpringApplication.java:796)
	at org.springframework.boot.SpringApplication.callRunner(SpringApplication.java:787)
	at org.springframework.boot.SpringApplication.lambda$callRunners$3(SpringApplication.java:772)
	at java.base/java.util.stream.ForEachOps$ForEachOp$OfRef.accept(ForEachOps.java:184)
	at java.base/java.util.stream.SortedOps$SizedRefSortingSink.end(SortedOps.java:357)
	at java.base/java.util.stream.AbstractPipeline.copyInto(AbstractPipeline.java:510)
	at java.base/java.util.stream.AbstractPipeline.wrapAndCopyInto(AbstractPipeline.java:499)
	at java.base/java.util.stream.ForEachOps$ForEachOp.evaluateSequential(ForEachOps.java:151)
	at java.base/java.util.stream.ForEachOps$ForEachOp$OfRef.evaluateSequential(ForEachOps.java:174)
	at java.base/java.util.stream.AbstractPipeline.evaluate(AbstractPipeline.java:234)
	at java.base/java.util.stream.ReferencePipeline.forEach(ReferencePipeline.java:596)
	at org.springframework.boot.SpringApplication.callRunners(SpringApplication.java:772)
	at org.springframework.boot.SpringApplication.run(SpringApplication.java:325)
	at org.springframework.boot.SpringApplication.run(SpringApplication.java:1361)
	at org.springframework.boot.SpringApplication.run(SpringApplication.java:1350)
	at com.capfer.microservices.demo.twitter.kafka.service.TwitterToKafkaServiceApplication.main(TwitterToKafkaServiceApplication.java:32)
2025-10-22 21:19:08 [main] INFO  c.c.m.d.t.k.s.TwitterToKafkaServiceApplication.logStarting - Starting TwitterToKafkaServiceApplication using Java 21.0.8 with PID 74634 (/Users/carlos/javaTuts/modern-spring-microservices-with-kafka/microservices-demo/twitter-kafka-service/target/classes started by carlos in /Users/carlos/javaTuts/modern-spring-microservices-with-kafka/microservices-demo)
2025-10-22 21:19:08 [main] INFO  c.c.m.d.t.k.s.TwitterToKafkaServiceApplication.logStartupProfileInfo - No active profile set, falling back to 1 default profile: "default"
2025-10-22 21:19:08 [main] WARN  o.s.c.a.AnnotationConfigApplicationContext.refresh - Exception encountered during context initialization - cancelling refresh attempt: org.springframework.beans.factory.UnsatisfiedDependencyException: Error creating bean with name 'twitterToKafkaServiceApplication': Unsatisfied dependency expressed through constructor parameter 1: No qualifying bean of type 'com.capfer.microservices.demo.twitter.kafka.runner.StreamRunner' available: expected at least 1 bean which qualifies as autowire candidate. Dependency annotations: {}
2025-10-22 21:19:08 [main] INFO  o.s.b.a.l.ConditionEvaluationReportLogger.logMessage - 

Error starting ApplicationContext. To display the condition evaluation report re-run your application with 'debug' enabled.
2025-10-22 21:19:08 [main] ERROR o.s.b.d.LoggingFailureAnalysisReporter.report - 

***************************
APPLICATION FAILED TO START
***************************

Description:

Parameter 1 of constructor in com.capfer.microservices.demo.twitter.kafka.service.TwitterToKafkaServiceApplication required a bean of type 'com.capfer.microservices.demo.twitter.kafka.runner.StreamRunner' that could not be found.


Action:

Consider defining a bean of type 'com.capfer.microservices.demo.twitter.kafka.runner.StreamRunner' in your configuration.

2025-10-22 23:57:30 [main] INFO  c.c.m.d.t.k.s.TwitterToKafkaServiceApplication.logStarting - Starting TwitterToKafkaServiceApplication using Java 21.0.8 with PID 81142 (/Users/carlos/javaTuts/modern-spring-microservices-with-kafka/microservices-demo/twitter-kafka-service/target/classes started by carlos in /Users/carlos/javaTuts/modern-spring-microservices-with-kafka/microservices-demo)
2025-10-22 23:57:30 [main] INFO  c.c.m.d.t.k.s.TwitterToKafkaServiceApplication.logStartupProfileInfo - No active profile set, falling back to 1 default profile: "default"
2025-10-22 23:57:30 [main] WARN  o.s.c.a.AnnotationConfigApplicationContext.refresh - Exception encountered during context initialization - cancelling refresh attempt: org.springframework.beans.factory.BeanDefinitionStoreException: Failed to read candidate component class: file [/Users/carlos/javaTuts/modern-spring-microservices-with-kafka/microservices-demo/twitter-kafka-service/target/classes/com/capfer/microservices/demo/twitter/kafka/runner/impl/TwitterV2KafkaStreamRunner.class]
2025-10-22 23:57:30 [main] INFO  o.s.b.a.l.ConditionEvaluationReportLogger.logMessage - 

Error starting ApplicationContext. To display the condition evaluation report re-run your application with 'debug' enabled.
2025-10-22 23:57:30 [main] ERROR o.s.boot.SpringApplication.reportFailure - Application run failed
org.springframework.beans.factory.BeanDefinitionStoreException: Failed to read candidate component class: file [/Users/carlos/javaTuts/modern-spring-microservices-with-kafka/microservices-demo/twitter-kafka-service/target/classes/com/capfer/microservices/demo/twitter/kafka/runner/impl/TwitterV2KafkaStreamRunner.class]
	at org.springframework.context.annotation.ClassPathScanningCandidateComponentProvider.scanCandidateComponents(ClassPathScanningCandidateComponentProvider.java:510)
	at org.springframework.context.annotation.ClassPathScanningCandidateComponentProvider.findCandidateComponents(ClassPathScanningCandidateComponentProvider.java:351)
	at org.springframework.context.annotation.ClassPathBeanDefinitionScanner.doScan(ClassPathBeanDefinitionScanner.java:277)
	at org.springframework.context.annotation.ComponentScanAnnotationParser.parse(ComponentScanAnnotationParser.java:128)
	at org.springframework.context.annotation.ConfigurationClassParser.doProcessConfigurationClass(ConfigurationClassParser.java:346)
	at org.springframework.context.annotation.ConfigurationClassParser.processConfigurationClass(ConfigurationClassParser.java:281)
	at org.springframework.context.annotation.ConfigurationClassParser.parse(ConfigurationClassParser.java:204)
	at org.springframework.context.annotation.ConfigurationClassParser.parse(ConfigurationClassParser.java:172)
	at org.springframework.context.annotation.ConfigurationClassPostProcessor.processConfigBeanDefinitions(ConfigurationClassPostProcessor.java:418)
	at org.springframework.context.annotation.ConfigurationClassPostProcessor.postProcessBeanDefinitionRegistry(ConfigurationClassPostProcessor.java:290)
	at org.springframework.context.support.PostProcessorRegistrationDelegate.invokeBeanDefinitionRegistryPostProcessors(PostProcessorRegistrationDelegate.java:349)
	at org.springframework.context.support.PostProcessorRegistrationDelegate.invokeBeanFactoryPostProcessors(PostProcessorRegistrationDelegate.java:118)
	at org.springframework.context.support.AbstractApplicationContext.invokeBeanFactoryPostProcessors(AbstractApplicationContext.java:791)
	at org.springframework.context.support.AbstractApplicationContext.refresh(AbstractApplicationContext.java:609)
	at org.springframework.boot.SpringApplication.refresh(SpringApplication.java:752)
	at org.springframework.boot.SpringApplication.refreshContext(SpringApplication.java:439)
	at org.springframework.boot.SpringApplication.run(SpringApplication.java:318)
	at org.springframework.boot.SpringApplication.run(SpringApplication.java:1361)
	at org.springframework.boot.SpringApplication.run(SpringApplication.java:1350)
	at com.capfer.microservices.demo.twitter.kafka.service.TwitterToKafkaServiceApplication.main(TwitterToKafkaServiceApplication.java:32)
Caused by: java.lang.IllegalStateException: Error processing condition on com.capfer.microservices.demo.twitter.kafka.runner.impl.TwitterV2KafkaStreamRunner
	at org.springframework.boot.autoconfigure.condition.SpringBootCondition.matches(SpringBootCondition.java:60)
	at org.springframework.context.annotation.ConditionEvaluator.shouldSkip(ConditionEvaluator.java:99)
	at org.springframework.context.annotation.ConditionEvaluator.shouldSkip(ConditionEvaluator.java:88)
	at org.springframework.context.annotation.ConditionEvaluator.shouldSkip(ConditionEvaluator.java:71)
	at org.springframework.context.annotation.ClassPathScanningCandidateComponentProvider.isConditionMatch(ClassPathScanningCandidateComponentProvider.java:564)
	at org.springframework.context.annotation.ClassPathScanningCandidateComponentProvider.isCandidateComponent(ClassPathScanningCandidateComponentProvider.java:547)
	at org.springframework.context.annotation.ClassPathScanningCandidateComponentProvider.scanCandidateComponents(ClassPathScanningCandidateComponentProvider.java:471)
	... 19 common frames omitted
Caused by: org.springframework.beans.factory.BeanExpressionException: Expression parsing failed
	at org.springframework.context.expression.StandardBeanExpressionResolver.evaluate(StandardBeanExpressionResolver.java:185)
	at org.springframework.boot.autoconfigure.condition.OnExpressionCondition.evaluateExpression(OnExpressionCondition.java:60)
	at org.springframework.boot.autoconfigure.condition.OnExpressionCondition.getMatchOutcome(OnExpressionCondition.java:48)
	at org.springframework.boot.autoconfigure.condition.SpringBootCondition.matches(SpringBootCondition.java:47)
	... 25 common frames omitted
Caused by: org.springframework.expression.spel.SpelParseException: Expression [${twitter-kafka-service.enable-v2-tweets} && not false] @1: EL1041E: After parsing a valid expression, there is still more data in the expression: 'lcurly({)'
	at org.springframework.expression.spel.standard.InternalSpelExpressionParser.doParseExpression(InternalSpelExpressionParser.java:146)
	at org.springframework.expression.spel.standard.SpelExpressionParser.doParseExpression(SpelExpressionParser.java:63)
	at org.springframework.expression.spel.standard.SpelExpressionParser.doParseExpression(SpelExpressionParser.java:34)
	at org.springframework.expression.common.TemplateAwareExpressionParser.parseExpressions(TemplateAwareExpressionParser.java:128)
	at org.springframework.expression.common.TemplateAwareExpressionParser.parseTemplate(TemplateAwareExpressionParser.java:69)
	at org.springframework.expression.common.TemplateAwareExpressionParser.parseExpression(TemplateAwareExpressionParser.java:55)
	at org.springframework.context.expression.StandardBeanExpressionResolver.lambda$evaluate$0(StandardBeanExpressionResolver.java:165)
	at java.base/java.util.concurrent.ConcurrentHashMap.computeIfAbsent(ConcurrentHashMap.java:1708)
	at org.springframework.context.expression.StandardBeanExpressionResolver.evaluate(StandardBeanExpressionResolver.java:164)
	... 28 common frames omitted
2025-10-22 23:59:43 [main] INFO  c.c.m.d.t.k.s.TwitterToKafkaServiceApplication.logStarting - Starting TwitterToKafkaServiceApplication using Java 21.0.8 with PID 81224 (/Users/carlos/javaTuts/modern-spring-microservices-with-kafka/microservices-demo/twitter-kafka-service/target/classes started by carlos in /Users/carlos/javaTuts/modern-spring-microservices-with-kafka/microservices-demo)
2025-10-22 23:59:43 [main] INFO  c.c.m.d.t.k.s.TwitterToKafkaServiceApplication.logStartupProfileInfo - No active profile set, falling back to 1 default profile: "default"
2025-10-22 23:59:43 [main] WARN  o.s.c.a.AnnotationConfigApplicationContext.refresh - Exception encountered during context initialization - cancelling refresh attempt: org.springframework.beans.factory.BeanDefinitionStoreException: Failed to read candidate component class: file [/Users/carlos/javaTuts/modern-spring-microservices-with-kafka/microservices-demo/twitter-kafka-service/target/classes/com/capfer/microservices/demo/twitter/kafka/runner/impl/TwitterV2StreamHelper.class]
2025-10-22 23:59:43 [main] INFO  o.s.b.a.l.ConditionEvaluationReportLogger.logMessage - 

Error starting ApplicationContext. To display the condition evaluation report re-run your application with 'debug' enabled.
2025-10-22 23:59:43 [main] ERROR o.s.boot.SpringApplication.reportFailure - Application run failed
org.springframework.beans.factory.BeanDefinitionStoreException: Failed to read candidate component class: file [/Users/carlos/javaTuts/modern-spring-microservices-with-kafka/microservices-demo/twitter-kafka-service/target/classes/com/capfer/microservices/demo/twitter/kafka/runner/impl/TwitterV2StreamHelper.class]
	at org.springframework.context.annotation.ClassPathScanningCandidateComponentProvider.scanCandidateComponents(ClassPathScanningCandidateComponentProvider.java:510)
	at org.springframework.context.annotation.ClassPathScanningCandidateComponentProvider.findCandidateComponents(ClassPathScanningCandidateComponentProvider.java:351)
	at org.springframework.context.annotation.ClassPathBeanDefinitionScanner.doScan(ClassPathBeanDefinitionScanner.java:277)
	at org.springframework.context.annotation.ComponentScanAnnotationParser.parse(ComponentScanAnnotationParser.java:128)
	at org.springframework.context.annotation.ConfigurationClassParser.doProcessConfigurationClass(ConfigurationClassParser.java:346)
	at org.springframework.context.annotation.ConfigurationClassParser.processConfigurationClass(ConfigurationClassParser.java:281)
	at org.springframework.context.annotation.ConfigurationClassParser.parse(ConfigurationClassParser.java:204)
	at org.springframework.context.annotation.ConfigurationClassParser.parse(ConfigurationClassParser.java:172)
	at org.springframework.context.annotation.ConfigurationClassPostProcessor.processConfigBeanDefinitions(ConfigurationClassPostProcessor.java:418)
	at org.springframework.context.annotation.ConfigurationClassPostProcessor.postProcessBeanDefinitionRegistry(ConfigurationClassPostProcessor.java:290)
	at org.springframework.context.support.PostProcessorRegistrationDelegate.invokeBeanDefinitionRegistryPostProcessors(PostProcessorRegistrationDelegate.java:349)
	at org.springframework.context.support.PostProcessorRegistrationDelegate.invokeBeanFactoryPostProcessors(PostProcessorRegistrationDelegate.java:118)
	at org.springframework.context.support.AbstractApplicationContext.invokeBeanFactoryPostProcessors(AbstractApplicationContext.java:791)
	at org.springframework.context.support.AbstractApplicationContext.refresh(AbstractApplicationContext.java:609)
	at org.springframework.boot.SpringApplication.refresh(SpringApplication.java:752)
	at org.springframework.boot.SpringApplication.refreshContext(SpringApplication.java:439)
	at org.springframework.boot.SpringApplication.run(SpringApplication.java:318)
	at org.springframework.boot.SpringApplication.run(SpringApplication.java:1361)
	at org.springframework.boot.SpringApplication.run(SpringApplication.java:1350)
	at com.capfer.microservices.demo.twitter.kafka.service.TwitterToKafkaServiceApplication.main(TwitterToKafkaServiceApplication.java:32)
Caused by: java.lang.IllegalStateException: Error processing condition on com.capfer.microservices.demo.twitter.kafka.runner.impl.TwitterV2StreamHelper
	at org.springframework.boot.autoconfigure.condition.SpringBootCondition.matches(SpringBootCondition.java:60)
	at org.springframework.context.annotation.ConditionEvaluator.shouldSkip(ConditionEvaluator.java:99)
	at org.springframework.context.annotation.ConditionEvaluator.shouldSkip(ConditionEvaluator.java:88)
	at org.springframework.context.annotation.ConditionEvaluator.shouldSkip(ConditionEvaluator.java:71)
	at org.springframework.context.annotation.ClassPathScanningCandidateComponentProvider.isConditionMatch(ClassPathScanningCandidateComponentProvider.java:564)
	at org.springframework.context.annotation.ClassPathScanningCandidateComponentProvider.isCandidateComponent(ClassPathScanningCandidateComponentProvider.java:547)
	at org.springframework.context.annotation.ClassPathScanningCandidateComponentProvider.scanCandidateComponents(ClassPathScanningCandidateComponentProvider.java:471)
	... 19 common frames omitted
Caused by: org.springframework.beans.factory.BeanExpressionException: Expression parsing failed
	at org.springframework.context.expression.StandardBeanExpressionResolver.evaluate(StandardBeanExpressionResolver.java:185)
	at org.springframework.boot.autoconfigure.condition.OnExpressionCondition.evaluateExpression(OnExpressionCondition.java:60)
	at org.springframework.boot.autoconfigure.condition.OnExpressionCondition.getMatchOutcome(OnExpressionCondition.java:48)
	at org.springframework.boot.autoconfigure.condition.SpringBootCondition.matches(SpringBootCondition.java:47)
	... 25 common frames omitted
Caused by: org.springframework.expression.spel.SpelParseException: Expression [${twitter-kafka-service.enable-v2-tweets} && not false] @1: EL1041E: After parsing a valid expression, there is still more data in the expression: 'lcurly({)'
	at org.springframework.expression.spel.standard.InternalSpelExpressionParser.doParseExpression(InternalSpelExpressionParser.java:146)
	at org.springframework.expression.spel.standard.SpelExpressionParser.doParseExpression(SpelExpressionParser.java:63)
	at org.springframework.expression.spel.standard.SpelExpressionParser.doParseExpression(SpelExpressionParser.java:34)
	at org.springframework.expression.common.TemplateAwareExpressionParser.parseExpressions(TemplateAwareExpressionParser.java:128)
	at org.springframework.expression.common.TemplateAwareExpressionParser.parseTemplate(TemplateAwareExpressionParser.java:69)
	at org.springframework.expression.common.TemplateAwareExpressionParser.parseExpression(TemplateAwareExpressionParser.java:55)
	at org.springframework.context.expression.StandardBeanExpressionResolver.lambda$evaluate$0(StandardBeanExpressionResolver.java:165)
	at java.base/java.util.concurrent.ConcurrentHashMap.computeIfAbsent(ConcurrentHashMap.java:1708)
	at org.springframework.context.expression.StandardBeanExpressionResolver.evaluate(StandardBeanExpressionResolver.java:164)
	... 28 common frames omitted
