2025-10-20 22:37:21 [main] INFO  c.c.m.d.t.k.s.TwitterToKafkaServiceApplication.logStarting - Starting TwitterToKafkaServiceApplication using Java 21.0.8 with PID 7792 (/Users/carlos/javaTuts/modern-spring-microservices-with-kafka/microservices-demo/twitter-kafka-service/target/classes started by carlos in /Users/carlos/javaTuts/modern-spring-microservices-with-kafka/microservices-demo)
2025-10-20 22:37:21 [main] INFO  c.c.m.d.t.k.s.TwitterToKafkaServiceApplication.logStartupProfileInfo - No active profile set, falling back to 1 default profile: "default"
2025-10-20 22:37:22 [main] INFO  c.c.m.d.t.k.s.TwitterToKafkaServiceApplication.logStarted - Started TwitterToKafkaServiceApplication in 0.434 seconds (process running for 0.694)
2025-10-20 22:37:22 [main] INFO  c.c.m.d.t.k.s.TwitterToKafkaServiceApplication.run - Application starts...
2025-10-20 22:37:22 [main] INFO  c.c.m.d.t.k.s.TwitterToKafkaServiceApplication.run - [Java, Microservices, Spring, Kafka, ElasticSearch]
2025-10-20 22:37:22 [main] INFO  c.c.m.d.t.k.s.TwitterToKafkaServiceApplication.run - Hello, Microservices!
2025-10-20 22:37:22 [Twitter Stream consumer /  [1][initializing]] INFO  twitter4j.TwitterStreamImpl.info - Establishing connection.
2025-10-20 22:37:22 [main] INFO  c.c.m.d.t.k.r.i.TwitterKafkaStreamRunnerImpl.addFilter - Started filtering twitter stream for keywords [Java, Microservices, Spring, Kafka, ElasticSearch]
2025-10-20 22:38:03 [Twitter Stream consumer /  [1][Establishing connection]] INFO  twitter4j.TwitterStreamImpl.info - Read timed out
2025-10-20 22:38:03 [Twitter Stream consumer /  [1][Establishing connection]] INFO  twitter4j.TwitterStreamImpl.info - Waiting for 250 milliseconds
2025-10-20 22:38:03 [Twitter Stream consumer /  [1][Waiting for 250 milliseconds]] INFO  twitter4j.TwitterStreamImpl.info - Establishing connection.
2025-10-20 22:38:43 [Twitter Stream consumer /  [1][Establishing connection]] INFO  twitter4j.TwitterStreamImpl.info - Read timed out
2025-10-20 22:38:43 [Twitter Stream consumer /  [1][Establishing connection]] INFO  twitter4j.TwitterStreamImpl.info - Waiting for 500 milliseconds
2025-10-20 22:38:44 [Twitter Stream consumer /  [1][Waiting for 500 milliseconds]] INFO  twitter4j.TwitterStreamImpl.info - Establishing connection.
2025-10-20 22:38:49 [SpringApplicationShutdownHook] INFO  c.c.m.d.t.k.r.i.TwitterKafkaStreamRunnerImpl.shutdown - Closing twitter stream
2025-10-20 23:22:07 [main] INFO  c.c.m.d.t.k.s.TwitterToKafkaServiceApplication.logStarting - Starting TwitterToKafkaServiceApplication using Java 21.0.8 with PID 8401 (/Users/carlos/javaTuts/modern-spring-microservices-with-kafka/microservices-demo/twitter-kafka-service/target/classes started by carlos in /Users/carlos/javaTuts/modern-spring-microservices-with-kafka/microservices-demo)
2025-10-20 23:22:07 [main] INFO  c.c.m.d.t.k.s.TwitterToKafkaServiceApplication.logStartupProfileInfo - No active profile set, falling back to 1 default profile: "default"
2025-10-20 23:22:07 [main] INFO  c.c.m.d.t.k.s.TwitterToKafkaServiceApplication.logStarted - Started TwitterToKafkaServiceApplication in 0.457 seconds (process running for 0.711)
2025-10-20 23:22:07 [main] INFO  c.c.m.d.t.k.s.TwitterToKafkaServiceApplication.run - Application starts...
2025-10-20 23:22:07 [main] INFO  c.c.m.d.t.k.s.TwitterToKafkaServiceApplication.run - [Java, Microservices, Spring, Kafka, ElasticSearch]
2025-10-20 23:22:07 [main] INFO  c.c.m.d.t.k.s.TwitterToKafkaServiceApplication.run - Hello, Microservices!
2025-10-20 23:22:07 [Twitter Stream consumer /  [1][initializing]] INFO  twitter4j.TwitterStreamImpl.info - Establishing connection.
2025-10-20 23:22:07 [main] INFO  c.c.m.d.t.k.r.i.TwitterKafkaStreamRunnerImpl.addFilter - Started filtering twitter stream for keywords [Java, Microservices, Spring, Kafka, ElasticSearch]
2025-10-20 23:22:47 [Twitter Stream consumer /  [1][Establishing connection]] INFO  twitter4j.TwitterStreamImpl.info - Read timed out
2025-10-20 23:22:47 [Twitter Stream consumer /  [1][Establishing connection]] INFO  twitter4j.TwitterStreamImpl.info - Waiting for 250 milliseconds
2025-10-20 23:22:47 [Twitter Stream consumer /  [1][Waiting for 250 milliseconds]] INFO  twitter4j.TwitterStreamImpl.info - Establishing connection.
2025-10-20 23:23:27 [Twitter Stream consumer /  [1][Establishing connection]] INFO  twitter4j.TwitterStreamImpl.info - Read timed out
2025-10-20 23:23:27 [Twitter Stream consumer /  [1][Establishing connection]] INFO  twitter4j.TwitterStreamImpl.info - Waiting for 500 milliseconds
2025-10-20 23:23:28 [Twitter Stream consumer /  [1][Waiting for 500 milliseconds]] INFO  twitter4j.TwitterStreamImpl.info - Establishing connection.
2025-10-20 23:23:45 [SpringApplicationShutdownHook] INFO  c.c.m.d.t.k.r.i.TwitterKafkaStreamRunnerImpl.shutdown - Closing twitter stream
2025-10-20 23:25:53 [main] INFO  c.c.m.d.t.k.s.TwitterToKafkaServiceApplication.logStarting - Starting TwitterToKafkaServiceApplication using Java 21.0.8 with PID 8496 (/Users/carlos/javaTuts/modern-spring-microservices-with-kafka/microservices-demo/twitter-kafka-service/target/classes started by carlos in /Users/carlos/javaTuts/modern-spring-microservices-with-kafka/microservices-demo)
2025-10-20 23:25:53 [main] INFO  c.c.m.d.t.k.s.TwitterToKafkaServiceApplication.logStartupProfileInfo - No active profile set, falling back to 1 default profile: "default"
2025-10-20 23:25:53 [main] INFO  c.c.m.d.t.k.s.TwitterToKafkaServiceApplication.logStarted - Started TwitterToKafkaServiceApplication in 0.455 seconds (process running for 0.709)
2025-10-20 23:25:53 [main] INFO  c.c.m.d.t.k.s.TwitterToKafkaServiceApplication.run - Application starts...
2025-10-20 23:25:53 [main] INFO  c.c.m.d.t.k.s.TwitterToKafkaServiceApplication.run - [Java, Microservices, Spring, Kafka, ElasticSearch]
2025-10-20 23:25:53 [main] INFO  c.c.m.d.t.k.s.TwitterToKafkaServiceApplication.run - Hello, Microservices!
2025-10-20 23:25:53 [Twitter Stream consumer /  [1][initializing]] INFO  twitter4j.TwitterStreamImpl.info - Establishing connection.
2025-10-20 23:25:53 [main] INFO  c.c.m.d.t.k.r.i.TwitterKafkaStreamRunnerImpl.addFilter - Started filtering twitter stream for keywords [Java, Microservices, Spring, Kafka, ElasticSearch]
2025-10-20 23:26:33 [Twitter Stream consumer /  [1][Establishing connection]] INFO  twitter4j.TwitterStreamImpl.info - Read timed out
2025-10-20 23:26:33 [Twitter Stream consumer /  [1][Establishing connection]] INFO  twitter4j.TwitterStreamImpl.info - Waiting for 250 milliseconds
2025-10-20 23:26:34 [Twitter Stream consumer /  [1][Waiting for 250 milliseconds]] INFO  twitter4j.TwitterStreamImpl.info - Establishing connection.
2025-10-20 23:27:09 [SpringApplicationShutdownHook] INFO  c.c.m.d.t.k.r.i.TwitterKafkaStreamRunnerImpl.shutdown - Closing twitter stream
2025-10-20 23:49:50 [main] INFO  c.c.m.d.t.k.s.TwitterToKafkaServiceApplication.logStarting - Starting TwitterToKafkaServiceApplication using Java 21.0.8 with PID 8923 (/Users/carlos/javaTuts/modern-spring-microservices-with-kafka/microservices-demo/twitter-kafka-service/target/classes started by carlos in /Users/carlos/javaTuts/modern-spring-microservices-with-kafka/microservices-demo)
2025-10-20 23:49:50 [main] INFO  c.c.m.d.t.k.s.TwitterToKafkaServiceApplication.logStartupProfileInfo - No active profile set, falling back to 1 default profile: "default"
2025-10-20 23:49:50 [main] INFO  c.c.m.d.t.k.s.TwitterToKafkaServiceApplication.logStarted - Started TwitterToKafkaServiceApplication in 0.474 seconds (process running for 0.757)
2025-10-20 23:49:50 [main] INFO  c.c.m.d.t.k.s.TwitterToKafkaServiceApplication.run - Application starts...
2025-10-20 23:49:50 [main] INFO  c.c.m.d.t.k.s.TwitterToKafkaServiceApplication.run - [Java, Microservices, Spring, Kafka, ElasticSearch]
2025-10-20 23:49:50 [main] INFO  c.c.m.d.t.k.s.TwitterToKafkaServiceApplication.run - Hello, Microservices!
2025-10-20 23:49:50 [Twitter Stream consumer /  [1][initializing]] INFO  twitter4j.TwitterStreamImpl.info - Establishing connection.
2025-10-20 23:49:50 [main] INFO  c.c.m.d.t.k.r.i.TwitterKafkaStreamRunnerImpl.addFilter - Started filtering twitter stream for keywords [Java, Microservices, Spring, Kafka, ElasticSearch]
2025-10-20 23:49:51 [Twitter Stream consumer /  [1][Establishing connection]] INFO  twitter4j.TwitterStreamImpl.info - https://stream.twitter.com/1.1/statuses/filter.json
2025-10-20 23:49:51 [Twitter Stream consumer /  [1][Establishing connection]] INFO  twitter4j.TwitterStreamImpl.info - Waiting for 250 milliseconds
2025-10-20 23:49:51 [Twitter Stream consumer /  [1][Waiting for 250 milliseconds]] INFO  twitter4j.TwitterStreamImpl.info - Establishing connection.
2025-10-20 23:49:53 [Twitter Stream consumer /  [1][Establishing connection]] INFO  twitter4j.TwitterStreamImpl.info - https://stream.twitter.com/1.1/statuses/filter.json
2025-10-20 23:49:53 [Twitter Stream consumer /  [1][Establishing connection]] INFO  twitter4j.TwitterStreamImpl.info - Waiting for 500 milliseconds
2025-10-20 23:49:53 [Twitter Stream consumer /  [1][Waiting for 500 milliseconds]] INFO  twitter4j.TwitterStreamImpl.info - Establishing connection.
2025-10-20 23:49:54 [Twitter Stream consumer /  [1][Establishing connection]] INFO  twitter4j.TwitterStreamImpl.info - https://stream.twitter.com/1.1/statuses/filter.json
2025-10-20 23:49:54 [Twitter Stream consumer /  [1][Establishing connection]] INFO  twitter4j.TwitterStreamImpl.info - Waiting for 1000 milliseconds
2025-10-20 23:49:55 [Twitter Stream consumer /  [1][Waiting for 1000 milliseconds]] INFO  twitter4j.TwitterStreamImpl.info - Establishing connection.
2025-10-20 23:49:56 [Twitter Stream consumer /  [1][Establishing connection]] INFO  twitter4j.TwitterStreamImpl.info - https://stream.twitter.com/1.1/statuses/filter.json
2025-10-20 23:49:56 [Twitter Stream consumer /  [1][Establishing connection]] INFO  twitter4j.TwitterStreamImpl.info - Waiting for 2000 milliseconds
2025-10-20 23:49:58 [Twitter Stream consumer /  [1][Waiting for 2000 milliseconds]] INFO  twitter4j.TwitterStreamImpl.info - Establishing connection.
2025-10-20 23:49:58 [Twitter Stream consumer /  [1][Establishing connection]] INFO  twitter4j.TwitterStreamImpl.info - https://stream.twitter.com/1.1/statuses/filter.json
2025-10-20 23:49:58 [Twitter Stream consumer /  [1][Establishing connection]] INFO  twitter4j.TwitterStreamImpl.info - Waiting for 4000 milliseconds
2025-10-20 23:50:02 [Twitter Stream consumer /  [1][Waiting for 4000 milliseconds]] INFO  twitter4j.TwitterStreamImpl.info - Establishing connection.
2025-10-20 23:50:03 [Twitter Stream consumer /  [1][Establishing connection]] INFO  twitter4j.TwitterStreamImpl.info - https://stream.twitter.com/1.1/statuses/filter.json
2025-10-20 23:50:03 [Twitter Stream consumer /  [1][Establishing connection]] INFO  twitter4j.TwitterStreamImpl.info - Waiting for 8000 milliseconds
2025-10-20 23:50:11 [Twitter Stream consumer /  [1][Waiting for 8000 milliseconds]] INFO  twitter4j.TwitterStreamImpl.info - Establishing connection.
2025-10-20 23:50:11 [Twitter Stream consumer /  [1][Establishing connection]] INFO  twitter4j.TwitterStreamImpl.info - https://stream.twitter.com/1.1/statuses/filter.json
2025-10-20 23:50:11 [Twitter Stream consumer /  [1][Establishing connection]] INFO  twitter4j.TwitterStreamImpl.info - Waiting for 16000 milliseconds
2025-10-20 23:50:17 [SpringApplicationShutdownHook] INFO  c.c.m.d.t.k.r.i.TwitterKafkaStreamRunnerImpl.shutdown - Closing twitter stream
2025-10-20 23:52:17 [main] INFO  c.c.m.d.t.k.s.TwitterToKafkaServiceApplication.logStarting - Starting TwitterToKafkaServiceApplication using Java 21.0.8 with PID 9004 (/Users/carlos/javaTuts/modern-spring-microservices-with-kafka/microservices-demo/twitter-kafka-service/target/classes started by carlos in /Users/carlos/javaTuts/modern-spring-microservices-with-kafka/microservices-demo)
2025-10-20 23:52:17 [main] INFO  c.c.m.d.t.k.s.TwitterToKafkaServiceApplication.logStartupProfileInfo - No active profile set, falling back to 1 default profile: "default"
2025-10-20 23:52:18 [main] INFO  c.c.m.d.t.k.s.TwitterToKafkaServiceApplication.logStarted - Started TwitterToKafkaServiceApplication in 0.42 seconds (process running for 0.672)
2025-10-20 23:52:18 [main] INFO  c.c.m.d.t.k.s.TwitterToKafkaServiceApplication.run - Application starts...
2025-10-20 23:52:18 [main] INFO  c.c.m.d.t.k.s.TwitterToKafkaServiceApplication.run - [Java, Microservices, Spring, Kafka, ElasticSearch]
2025-10-20 23:52:18 [main] INFO  c.c.m.d.t.k.s.TwitterToKafkaServiceApplication.run - Hello, Microservices!
2025-10-20 23:52:18 [Twitter Stream consumer /  [1][initializing]] INFO  twitter4j.TwitterStreamImpl.info - Establishing connection.
2025-10-20 23:52:18 [main] INFO  c.c.m.d.t.k.r.i.TwitterKafkaStreamRunnerImpl.addFilter - Started filtering twitter stream for keywords [Java, Microservices, Spring, Kafka, ElasticSearch]
2025-10-20 23:52:20 [Twitter Stream consumer /  [1][Establishing connection]] INFO  twitter4j.TwitterStreamImpl.info - https://stream.twitter.com/1.1/statuses/filter.json
2025-10-20 23:52:20 [Twitter Stream consumer /  [1][Establishing connection]] INFO  twitter4j.TwitterStreamImpl.info - Waiting for 250 milliseconds
2025-10-20 23:52:20 [Twitter Stream consumer /  [1][Waiting for 250 milliseconds]] INFO  twitter4j.TwitterStreamImpl.info - Establishing connection.
2025-10-20 23:52:21 [Twitter Stream consumer /  [1][Establishing connection]] INFO  twitter4j.TwitterStreamImpl.info - https://stream.twitter.com/1.1/statuses/filter.json
2025-10-20 23:52:21 [Twitter Stream consumer /  [1][Establishing connection]] INFO  twitter4j.TwitterStreamImpl.info - Waiting for 500 milliseconds
2025-10-20 23:52:21 [Twitter Stream consumer /  [1][Waiting for 500 milliseconds]] INFO  twitter4j.TwitterStreamImpl.info - Establishing connection.
2025-10-20 23:52:22 [Twitter Stream consumer /  [1][Establishing connection]] INFO  twitter4j.TwitterStreamImpl.info - https://stream.twitter.com/1.1/statuses/filter.json
2025-10-20 23:52:22 [Twitter Stream consumer /  [1][Establishing connection]] INFO  twitter4j.TwitterStreamImpl.info - Waiting for 1000 milliseconds
2025-10-20 23:52:23 [Twitter Stream consumer /  [1][Waiting for 1000 milliseconds]] INFO  twitter4j.TwitterStreamImpl.info - Establishing connection.
2025-10-20 23:52:23 [Twitter Stream consumer /  [1][Establishing connection]] INFO  twitter4j.TwitterStreamImpl.info - https://stream.twitter.com/1.1/statuses/filter.json
2025-10-20 23:52:23 [Twitter Stream consumer /  [1][Establishing connection]] INFO  twitter4j.TwitterStreamImpl.info - Waiting for 2000 milliseconds
2025-10-20 23:52:25 [Twitter Stream consumer /  [1][Waiting for 2000 milliseconds]] INFO  twitter4j.TwitterStreamImpl.info - Establishing connection.
2025-10-20 23:52:26 [Twitter Stream consumer /  [1][Establishing connection]] INFO  twitter4j.TwitterStreamImpl.info - https://stream.twitter.com/1.1/statuses/filter.json
2025-10-20 23:52:26 [Twitter Stream consumer /  [1][Establishing connection]] INFO  twitter4j.TwitterStreamImpl.info - Waiting for 4000 milliseconds
2025-10-20 23:52:30 [Twitter Stream consumer /  [1][Waiting for 4000 milliseconds]] INFO  twitter4j.TwitterStreamImpl.info - Establishing connection.
2025-10-20 23:52:31 [Twitter Stream consumer /  [1][Establishing connection]] INFO  twitter4j.TwitterStreamImpl.info - https://stream.twitter.com/1.1/statuses/filter.json
2025-10-20 23:52:31 [Twitter Stream consumer /  [1][Establishing connection]] INFO  twitter4j.TwitterStreamImpl.info - Waiting for 8000 milliseconds
2025-10-20 23:52:39 [Twitter Stream consumer /  [1][Waiting for 8000 milliseconds]] INFO  twitter4j.TwitterStreamImpl.info - Establishing connection.
2025-10-20 23:52:39 [Twitter Stream consumer /  [1][Establishing connection]] INFO  twitter4j.TwitterStreamImpl.info - https://stream.twitter.com/1.1/statuses/filter.json
2025-10-20 23:52:39 [Twitter Stream consumer /  [1][Establishing connection]] INFO  twitter4j.TwitterStreamImpl.info - Waiting for 16000 milliseconds
2025-10-20 23:52:48 [SpringApplicationShutdownHook] INFO  c.c.m.d.t.k.r.i.TwitterKafkaStreamRunnerImpl.shutdown - Closing twitter stream
2025-10-20 23:56:28 [main] INFO  c.c.m.d.t.k.s.TwitterToKafkaServiceApplication.logStarting - Starting TwitterToKafkaServiceApplication using Java 21.0.8 with PID 9094 (/Users/carlos/javaTuts/modern-spring-microservices-with-kafka/microservices-demo/twitter-kafka-service/target/classes started by carlos in /Users/carlos/javaTuts/modern-spring-microservices-with-kafka/microservices-demo)
2025-10-20 23:56:28 [main] INFO  c.c.m.d.t.k.s.TwitterToKafkaServiceApplication.logStartupProfileInfo - No active profile set, falling back to 1 default profile: "default"
2025-10-20 23:56:28 [main] INFO  c.c.m.d.t.k.s.TwitterToKafkaServiceApplication.logStarted - Started TwitterToKafkaServiceApplication in 0.42 seconds (process running for 0.671)
2025-10-20 23:56:28 [main] INFO  c.c.m.d.t.k.s.TwitterToKafkaServiceApplication.run - Application starts...
2025-10-20 23:56:28 [main] INFO  c.c.m.d.t.k.s.TwitterToKafkaServiceApplication.run - [Java, Microservices, Spring, Kafka, ElasticSearch, elon, mask, trump]
2025-10-20 23:56:28 [main] INFO  c.c.m.d.t.k.s.TwitterToKafkaServiceApplication.run - Hello, Microservices!
2025-10-20 23:56:28 [Twitter Stream consumer /  [1][initializing]] INFO  twitter4j.TwitterStreamImpl.info - Establishing connection.
2025-10-20 23:56:28 [main] INFO  c.c.m.d.t.k.r.i.TwitterKafkaStreamRunnerImpl.addFilter - Started filtering twitter stream for keywords [Java, Microservices, Spring, Kafka, ElasticSearch, elon, mask, trump]
2025-10-20 23:56:29 [Twitter Stream consumer /  [1][Establishing connection]] INFO  twitter4j.TwitterStreamImpl.info - https://stream.twitter.com/1.1/statuses/filter.json
2025-10-20 23:56:29 [Twitter Stream consumer /  [1][Establishing connection]] INFO  twitter4j.TwitterStreamImpl.info - Waiting for 250 milliseconds
2025-10-20 23:56:29 [Twitter Stream consumer /  [1][Waiting for 250 milliseconds]] INFO  twitter4j.TwitterStreamImpl.info - Establishing connection.
2025-10-20 23:56:31 [Twitter Stream consumer /  [1][Establishing connection]] INFO  twitter4j.TwitterStreamImpl.info - https://stream.twitter.com/1.1/statuses/filter.json
2025-10-20 23:56:31 [Twitter Stream consumer /  [1][Establishing connection]] INFO  twitter4j.TwitterStreamImpl.info - Waiting for 500 milliseconds
2025-10-20 23:56:31 [Twitter Stream consumer /  [1][Waiting for 500 milliseconds]] INFO  twitter4j.TwitterStreamImpl.info - Establishing connection.
2025-10-20 23:56:32 [Twitter Stream consumer /  [1][Establishing connection]] INFO  twitter4j.TwitterStreamImpl.info - https://stream.twitter.com/1.1/statuses/filter.json
2025-10-20 23:56:32 [Twitter Stream consumer /  [1][Establishing connection]] INFO  twitter4j.TwitterStreamImpl.info - Waiting for 1000 milliseconds
2025-10-20 23:56:33 [Twitter Stream consumer /  [1][Waiting for 1000 milliseconds]] INFO  twitter4j.TwitterStreamImpl.info - Establishing connection.
2025-10-20 23:56:34 [Twitter Stream consumer /  [1][Establishing connection]] INFO  twitter4j.TwitterStreamImpl.info - https://stream.twitter.com/1.1/statuses/filter.json
2025-10-20 23:56:34 [Twitter Stream consumer /  [1][Establishing connection]] INFO  twitter4j.TwitterStreamImpl.info - Waiting for 2000 milliseconds
2025-10-20 23:56:36 [Twitter Stream consumer /  [1][Waiting for 2000 milliseconds]] INFO  twitter4j.TwitterStreamImpl.info - Establishing connection.
2025-10-20 23:56:37 [Twitter Stream consumer /  [1][Establishing connection]] INFO  twitter4j.TwitterStreamImpl.info - https://stream.twitter.com/1.1/statuses/filter.json
2025-10-20 23:56:37 [Twitter Stream consumer /  [1][Establishing connection]] INFO  twitter4j.TwitterStreamImpl.info - Waiting for 4000 milliseconds
2025-10-20 23:56:41 [Twitter Stream consumer /  [1][Waiting for 4000 milliseconds]] INFO  twitter4j.TwitterStreamImpl.info - Establishing connection.
2025-10-20 23:56:41 [Twitter Stream consumer /  [1][Establishing connection]] INFO  twitter4j.TwitterStreamImpl.info - https://stream.twitter.com/1.1/statuses/filter.json
2025-10-20 23:56:41 [Twitter Stream consumer /  [1][Establishing connection]] INFO  twitter4j.TwitterStreamImpl.info - Waiting for 8000 milliseconds
2025-10-20 23:56:49 [Twitter Stream consumer /  [1][Waiting for 8000 milliseconds]] INFO  twitter4j.TwitterStreamImpl.info - Establishing connection.
2025-10-20 23:56:50 [Twitter Stream consumer /  [1][Establishing connection]] INFO  twitter4j.TwitterStreamImpl.info - https://stream.twitter.com/1.1/statuses/filter.json
2025-10-20 23:56:50 [Twitter Stream consumer /  [1][Establishing connection]] INFO  twitter4j.TwitterStreamImpl.info - Waiting for 16000 milliseconds
2025-10-20 23:57:03 [SpringApplicationShutdownHook] INFO  c.c.m.d.t.k.r.i.TwitterKafkaStreamRunnerImpl.shutdown - Closing twitter stream
