2025-10-21 00:28:39 [main] INFO  o.s.t.c.s.AnnotationConfigContextLoaderUtils.detectDefaultConfigurationClasses - Could not detect default configuration classes for test class [com.capfer.microservices.demo.twitter.kafka.service.TwitterToKafkaServiceApplicationTest]: TwitterToKafkaServiceApplicationTest does not declare any static, non-private, non-final, nested classes annotated with @Configuration.
2025-10-21 00:28:39 [main] INFO  o.s.b.t.c.SpringBootTestContextBootstrapper.getOrFindConfigurationClasses - Found @SpringBootConfiguration com.capfer.microservices.demo.twitter.kafka.service.TwitterToKafkaServiceApplication for test class com.capfer.microservices.demo.twitter.kafka.service.TwitterToKafkaServiceApplicationTest
2025-10-21 00:28:39 [main] INFO  c.c.m.d.t.k.s.TwitterToKafkaServiceApplicationTest.logStarting - Starting TwitterToKafkaServiceApplicationTest using Java 24.0.2 with PID 9423 (started by carlos in /Users/carlos/javaTuts/modern-spring-microservices-with-kafka/microservices-demo/twitter-kafka-service)
2025-10-21 00:28:39 [main] INFO  c.c.m.d.t.k.s.TwitterToKafkaServiceApplicationTest.logStartupProfileInfo - No active profile set, falling back to 1 default profile: "default"
2025-10-21 00:28:39 [main] INFO  c.c.m.d.t.k.s.TwitterToKafkaServiceApplicationTest.logStarted - Started TwitterToKafkaServiceApplicationTest in 0.34 seconds (process running for 0.88)
2025-10-21 00:28:39 [main] INFO  c.c.m.d.t.k.s.TwitterToKafkaServiceApplication.run - Application starts...
2025-10-21 00:28:39 [main] INFO  c.c.m.d.t.k.s.TwitterToKafkaServiceApplication.run - [Java, Microservices, Spring, Kafka, ElasticSearch, elon, mask, trump]
2025-10-21 00:28:39 [main] INFO  c.c.m.d.t.k.s.TwitterToKafkaServiceApplication.run - Hello, Microservices!
2025-10-21 00:28:39 [Twitter Stream consumer /  [1][initializing]] INFO  twitter4j.TwitterStreamImpl.info - Establishing connection.
2025-10-21 00:28:39 [main] INFO  c.c.m.d.t.k.r.i.TwitterKafkaStreamRunnerImpl.addFilter - Started filtering twitter stream for keywords [Java, Microservices, Spring, Kafka, ElasticSearch, elon, mask, trump]
2025-10-21 00:28:39 [SpringApplicationShutdownHook] INFO  c.c.m.d.t.k.r.i.TwitterKafkaStreamRunnerImpl.shutdown - Closing twitter stream
2025-10-21 00:37:52 [main] INFO  o.s.t.c.s.AnnotationConfigContextLoaderUtils.detectDefaultConfigurationClasses - Could not detect default configuration classes for test class [com.capfer.microservices.demo.twitter.kafka.service.TwitterToKafkaServiceApplicationTest]: TwitterToKafkaServiceApplicationTest does not declare any static, non-private, non-final, nested classes annotated with @Configuration.
2025-10-21 00:37:52 [main] INFO  o.s.b.t.c.SpringBootTestContextBootstrapper.getOrFindConfigurationClasses - Found @SpringBootConfiguration com.capfer.microservices.demo.twitter.kafka.service.TwitterToKafkaServiceApplication for test class com.capfer.microservices.demo.twitter.kafka.service.TwitterToKafkaServiceApplicationTest
2025-10-21 00:37:52 [main] INFO  c.c.m.d.t.k.s.TwitterToKafkaServiceApplicationTest.logStarting - Starting TwitterToKafkaServiceApplicationTest using Java 24.0.2 with PID 9569 (started by carlos in /Users/carlos/javaTuts/modern-spring-microservices-with-kafka/microservices-demo/twitter-kafka-service)
2025-10-21 00:37:52 [main] INFO  c.c.m.d.t.k.s.TwitterToKafkaServiceApplicationTest.logStartupProfileInfo - No active profile set, falling back to 1 default profile: "default"
2025-10-21 00:37:52 [main] INFO  c.c.m.d.t.k.s.TwitterToKafkaServiceApplicationTest.logStarted - Started TwitterToKafkaServiceApplicationTest in 0.34 seconds (process running for 0.863)
2025-10-21 00:37:52 [main] INFO  c.c.m.d.t.k.s.TwitterToKafkaServiceApplication.run - Application starts...
2025-10-21 00:37:52 [main] INFO  c.c.m.d.t.k.s.TwitterToKafkaServiceApplication.run - [Java, Microservices, Spring, Kafka, ElasticSearch, elon, mask, trump]
2025-10-21 00:37:52 [main] INFO  c.c.m.d.t.k.s.TwitterToKafkaServiceApplication.run - Hello, Microservices!
2025-10-21 00:37:52 [Twitter Stream consumer /  [2][initializing]] INFO  twitter4j.TwitterStreamImpl.info - Establishing connection.
2025-10-21 00:37:52 [Twitter Stream consumer /  [1][Disposing thread]] INFO  twitter4j.TwitterStreamImpl.info - Establishing connection.
2025-10-21 00:37:52 [main] INFO  c.c.m.d.t.k.r.i.TwitterKafkaStreamRunnerImpl.addFilter - Started filtering twitter stream for keywords [Java, Microservices, Spring, Kafka, ElasticSearch, elon, mask, trump]
2025-10-21 00:37:52 [SpringApplicationShutdownHook] INFO  c.c.m.d.t.k.r.i.TwitterKafkaStreamRunnerImpl.shutdown - Closing twitter stream
2025-10-21 00:44:20 [main] INFO  o.s.t.c.s.AnnotationConfigContextLoaderUtils.detectDefaultConfigurationClasses - Could not detect default configuration classes for test class [com.capfer.microservices.demo.twitter.kafka.service.TwitterToKafkaServiceApplicationTest]: TwitterToKafkaServiceApplicationTest does not declare any static, non-private, non-final, nested classes annotated with @Configuration.
2025-10-21 00:44:20 [main] INFO  o.s.b.t.c.SpringBootTestContextBootstrapper.getOrFindConfigurationClasses - Found @SpringBootConfiguration com.capfer.microservices.demo.twitter.kafka.service.TwitterToKafkaServiceApplication for test class com.capfer.microservices.demo.twitter.kafka.service.TwitterToKafkaServiceApplicationTest
2025-10-21 00:44:21 [main] INFO  c.c.m.d.t.k.s.TwitterToKafkaServiceApplicationTest.logStarting - Starting TwitterToKafkaServiceApplicationTest using Java 24.0.2 with PID 9655 (started by carlos in /Users/carlos/javaTuts/modern-spring-microservices-with-kafka/microservices-demo/twitter-kafka-service)
2025-10-21 00:44:21 [main] INFO  c.c.m.d.t.k.s.TwitterToKafkaServiceApplicationTest.logStartupProfileInfo - No active profile set, falling back to 1 default profile: "default"
2025-10-21 00:44:21 [main] INFO  c.c.m.d.t.k.s.TwitterToKafkaServiceApplicationTest.logStarted - Started TwitterToKafkaServiceApplicationTest in 0.339 seconds (process running for 0.867)
2025-10-21 00:44:21 [main] INFO  c.c.m.d.t.k.s.TwitterToKafkaServiceApplication.run - Application starts...
2025-10-21 00:44:21 [main] INFO  c.c.m.d.t.k.s.TwitterToKafkaServiceApplication.run - [Java, Microservices, Spring, Kafka, ElasticSearch, elon, mask, trump]
2025-10-21 00:44:21 [main] INFO  c.c.m.d.t.k.s.TwitterToKafkaServiceApplication.run - Hello, Microservices!
2025-10-21 00:44:21 [Twitter Stream consumer /  [1][initializing]] INFO  twitter4j.TwitterStreamImpl.info - Establishing connection.
2025-10-21 00:44:21 [Twitter Stream consumer /  [2][initializing]] INFO  twitter4j.TwitterStreamImpl.info - Establishing connection.
2025-10-21 00:44:21 [main] INFO  c.c.m.d.t.k.r.i.TwitterKafkaStreamRunnerImpl.addFilter - Started filtering twitter stream for keywords [Java, Microservices, Spring, Kafka, ElasticSearch, elon, mask, trump]
2025-10-21 00:44:21 [SpringApplicationShutdownHook] INFO  c.c.m.d.t.k.r.i.TwitterKafkaStreamRunnerImpl.shutdown - Closing twitter stream
