2025-10-23 00:00:30 [main] INFO  c.c.m.d.t.k.s.TwitterToKafkaServiceApplication.logStarting - Starting TwitterToKafkaServiceApplication using Java 21.0.8 with PID 81267 (/Users/carlos/javaTuts/modern-spring-microservices-with-kafka/microservices-demo/twitter-kafka-service/target/classes started by carlos in /Users/carlos/javaTuts/modern-spring-microservices-with-kafka/microservices-demo)
2025-10-23 00:00:30 [main] INFO  c.c.m.d.t.k.s.TwitterToKafkaServiceApplication.logStartupProfileInfo - No active profile set, falling back to 1 default profile: "default"
2025-10-23 00:00:30 [main] INFO  c.c.m.d.t.k.s.TwitterToKafkaServiceApplication.logStarted - Started TwitterToKafkaServiceApplication in 0.479 seconds (process running for 0.772)
2025-10-23 00:00:30 [main] INFO  c.c.m.d.t.k.s.TwitterToKafkaServiceApplication.run - Application starts...
2025-10-23 00:00:30 [main] INFO  c.c.m.d.t.k.s.TwitterToKafkaServiceApplication.run - [Java, Microservices, Spring, Kafka, ElasticSearch]
2025-10-23 00:00:30 [main] INFO  c.c.m.d.t.k.s.TwitterToKafkaServiceApplication.run - Hello, Microservices!
2025-10-23 00:00:30 [Twitter Stream consumer /  [1][initializing]] INFO  twitter4j.TwitterStreamImpl.info - Establishing connection.
2025-10-23 00:00:30 [Twitter Stream consumer /  [2][initializing]] INFO  twitter4j.TwitterStreamImpl.info - Establishing connection.
2025-10-23 00:00:30 [main] INFO  c.c.m.d.t.k.r.i.TwitterKafkaStreamRunner.addFilter - Started filtering twitter stream for keywords [Java, Microservices, Spring, Kafka, ElasticSearch]
2025-10-23 00:00:31 [Twitter Stream consumer /  [1][Establishing connection]] INFO  twitter4j.TwitterStreamImpl.info - https://stream.twitter.com/1.1/statuses/sample.json?stall_warnings=true
2025-10-23 00:00:31 [Twitter Stream consumer /  [2][Establishing connection]] INFO  twitter4j.TwitterStreamImpl.info - https://stream.twitter.com/1.1/statuses/filter.json
2025-10-23 00:00:31 [Twitter Stream consumer /  [2][Establishing connection]] INFO  twitter4j.TwitterStreamImpl.info - Waiting for 250 milliseconds
2025-10-23 00:00:31 [Twitter Stream consumer /  [2][Waiting for 250 milliseconds]] INFO  twitter4j.TwitterStreamImpl.info - Establishing connection.
2025-10-23 00:00:32 [Twitter Stream consumer /  [2][Establishing connection]] INFO  twitter4j.TwitterStreamImpl.info - https://stream.twitter.com/1.1/statuses/filter.json
2025-10-23 00:00:32 [Twitter Stream consumer /  [2][Establishing connection]] INFO  twitter4j.TwitterStreamImpl.info - Waiting for 500 milliseconds
2025-10-23 00:00:32 [Twitter Stream consumer /  [2][Waiting for 500 milliseconds]] INFO  twitter4j.TwitterStreamImpl.info - Establishing connection.
2025-10-23 00:00:33 [Twitter Stream consumer /  [2][Establishing connection]] INFO  twitter4j.TwitterStreamImpl.info - https://stream.twitter.com/1.1/statuses/filter.json
2025-10-23 00:00:33 [Twitter Stream consumer /  [2][Establishing connection]] INFO  twitter4j.TwitterStreamImpl.info - Waiting for 1000 milliseconds
2025-10-23 00:00:34 [Twitter Stream consumer /  [2][Waiting for 1000 milliseconds]] INFO  twitter4j.TwitterStreamImpl.info - Establishing connection.
2025-10-23 00:00:35 [Twitter Stream consumer /  [2][Establishing connection]] INFO  twitter4j.TwitterStreamImpl.info - https://stream.twitter.com/1.1/statuses/filter.json
2025-10-23 00:00:35 [Twitter Stream consumer /  [2][Establishing connection]] INFO  twitter4j.TwitterStreamImpl.info - Waiting for 2000 milliseconds
2025-10-23 00:00:37 [Twitter Stream consumer /  [2][Waiting for 2000 milliseconds]] INFO  twitter4j.TwitterStreamImpl.info - Establishing connection.
2025-10-23 00:00:37 [Twitter Stream consumer /  [2][Establishing connection]] INFO  twitter4j.TwitterStreamImpl.info - https://stream.twitter.com/1.1/statuses/filter.json
2025-10-23 00:00:37 [Twitter Stream consumer /  [2][Establishing connection]] INFO  twitter4j.TwitterStreamImpl.info - Waiting for 4000 milliseconds
2025-10-23 00:00:41 [SpringApplicationShutdownHook] INFO  c.c.m.d.t.k.r.i.TwitterKafkaStreamRunner.shutdown - Closing twitter stream
2025-10-23 00:01:49 [main] INFO  c.c.m.d.t.k.s.TwitterToKafkaServiceApplication.logStarting - Starting TwitterToKafkaServiceApplication using Java 21.0.8 with PID 81317 (/Users/carlos/javaTuts/modern-spring-microservices-with-kafka/microservices-demo/twitter-kafka-service/target/classes started by carlos in /Users/carlos/javaTuts/modern-spring-microservices-with-kafka/microservices-demo)
2025-10-23 00:01:49 [main] INFO  c.c.m.d.t.k.s.TwitterToKafkaServiceApplication.logStartupProfileInfo - No active profile set, falling back to 1 default profile: "default"
2025-10-23 00:01:49 [main] INFO  c.c.m.d.t.k.s.TwitterToKafkaServiceApplication.logStarted - Started TwitterToKafkaServiceApplication in 0.476 seconds (process running for 0.778)
2025-10-23 00:01:49 [main] INFO  c.c.m.d.t.k.s.TwitterToKafkaServiceApplication.run - Application starts...
2025-10-23 00:01:49 [main] INFO  c.c.m.d.t.k.s.TwitterToKafkaServiceApplication.run - [Java, Microservices, Spring, Kafka, ElasticSearch]
2025-10-23 00:01:49 [main] INFO  c.c.m.d.t.k.s.TwitterToKafkaServiceApplication.run - Hello, Microservices!
2025-10-23 00:01:49 [main] INFO  o.s.b.a.l.ConditionEvaluationReportLogger.logMessage - 

Error starting ApplicationContext. To display the condition evaluation report re-run your application with 'debug' enabled.
2025-10-23 00:01:49 [main] ERROR o.s.boot.SpringApplication.reportFailure - Application run failed
java.lang.IllegalStateException: Authentication credentials are missing. See http://twitter4j.org/en/configuration.html for details. See and register at http://apps.twitter.com/
	at twitter4j.TwitterBaseImpl.ensureAuthorizationEnabled(TwitterBaseImpl.java:219)
	at twitter4j.TwitterStreamImpl.sample(TwitterStreamImpl.java:165)
	at com.capfer.microservices.demo.twitter.kafka.runner.impl.TwitterKafkaStreamRunner.start(TwitterKafkaStreamRunner.java:44)
	at com.capfer.microservices.demo.twitter.kafka.service.TwitterToKafkaServiceApplication.run(TwitterToKafkaServiceApplication.java:41)
	at org.springframework.boot.SpringApplication.lambda$callRunner$5(SpringApplication.java:788)
	at org.springframework.util.function.ThrowingConsumer$1.acceptWithException(ThrowingConsumer.java:82)
	at org.springframework.util.function.ThrowingConsumer.accept(ThrowingConsumer.java:60)
	at org.springframework.util.function.ThrowingConsumer$1.accept(ThrowingConsumer.java:86)
	at org.springframework.boot.SpringApplication.callRunner(SpringApplication.java:796)
	at org.springframework.boot.SpringApplication.callRunner(SpringApplication.java:787)
	at org.springframework.boot.SpringApplication.lambda$callRunners$3(SpringApplication.java:772)
	at java.base/java.util.stream.ForEachOps$ForEachOp$OfRef.accept(ForEachOps.java:184)
	at java.base/java.util.stream.SortedOps$SizedRefSortingSink.end(SortedOps.java:357)
	at java.base/java.util.stream.AbstractPipeline.copyInto(AbstractPipeline.java:510)
	at java.base/java.util.stream.AbstractPipeline.wrapAndCopyInto(AbstractPipeline.java:499)
	at java.base/java.util.stream.ForEachOps$ForEachOp.evaluateSequential(ForEachOps.java:151)
	at java.base/java.util.stream.ForEachOps$ForEachOp$OfRef.evaluateSequential(ForEachOps.java:174)
	at java.base/java.util.stream.AbstractPipeline.evaluate(AbstractPipeline.java:234)
	at java.base/java.util.stream.ReferencePipeline.forEach(ReferencePipeline.java:596)
	at org.springframework.boot.SpringApplication.callRunners(SpringApplication.java:772)
	at org.springframework.boot.SpringApplication.run(SpringApplication.java:325)
	at org.springframework.boot.SpringApplication.run(SpringApplication.java:1361)
	at org.springframework.boot.SpringApplication.run(SpringApplication.java:1350)
	at com.capfer.microservices.demo.twitter.kafka.service.TwitterToKafkaServiceApplication.main(TwitterToKafkaServiceApplication.java:32)
2025-10-23 00:01:49 [main] INFO  c.c.m.d.t.k.r.i.TwitterKafkaStreamRunner.shutdown - Closing twitter stream
2025-10-23 00:05:34 [main] INFO  c.c.m.d.t.k.s.TwitterToKafkaServiceApplication.logStarting - Starting TwitterToKafkaServiceApplication using Java 21.0.8 with PID 81823 (/Users/carlos/javaTuts/modern-spring-microservices-with-kafka/microservices-demo/twitter-kafka-service/target/classes started by carlos in /Users/carlos/javaTuts/modern-spring-microservices-with-kafka/microservices-demo)
2025-10-23 00:05:34 [main] INFO  c.c.m.d.t.k.s.TwitterToKafkaServiceApplication.logStartupProfileInfo - No active profile set, falling back to 1 default profile: "default"
2025-10-23 00:05:34 [main] INFO  c.c.m.d.t.k.s.TwitterToKafkaServiceApplication.logStarted - Started TwitterToKafkaServiceApplication in 0.437 seconds (process running for 0.713)
2025-10-23 00:05:34 [main] INFO  c.c.m.d.t.k.s.TwitterToKafkaServiceApplication.run - Application starts...
2025-10-23 00:05:34 [main] INFO  c.c.m.d.t.k.s.TwitterToKafkaServiceApplication.run - [Java, Microservices, Spring, Kafka, ElasticSearch]
2025-10-23 00:05:34 [main] INFO  c.c.m.d.t.k.s.TwitterToKafkaServiceApplication.run - Hello, Microservices!
2025-10-23 00:05:34 [Twitter Stream consumer /  [1][initializing]] INFO  twitter4j.TwitterStreamImpl.info - Establishing connection.
2025-10-23 00:05:34 [Twitter Stream consumer /  [2][initializing]] INFO  twitter4j.TwitterStreamImpl.info - Establishing connection.
2025-10-23 00:05:34 [main] INFO  c.c.m.d.t.k.r.i.TwitterKafkaStreamRunner.addFilter - Started filtering twitter stream for keywords [Java, Microservices, Spring, Kafka, ElasticSearch]
2025-10-23 00:05:35 [Twitter Stream consumer /  [1][Establishing connection]] INFO  twitter4j.TwitterStreamImpl.info - https://stream.twitter.com/1.1/statuses/sample.json?stall_warnings=true
2025-10-23 00:05:35 [Twitter Stream consumer /  [2][Establishing connection]] INFO  twitter4j.TwitterStreamImpl.info - https://stream.twitter.com/1.1/statuses/filter.json
2025-10-23 00:05:35 [Twitter Stream consumer /  [2][Establishing connection]] INFO  twitter4j.TwitterStreamImpl.info - Waiting for 250 milliseconds
2025-10-23 00:05:35 [Twitter Stream consumer /  [2][Waiting for 250 milliseconds]] INFO  twitter4j.TwitterStreamImpl.info - Establishing connection.
2025-10-23 00:05:36 [Twitter Stream consumer /  [2][Establishing connection]] INFO  twitter4j.TwitterStreamImpl.info - https://stream.twitter.com/1.1/statuses/filter.json
2025-10-23 00:05:36 [Twitter Stream consumer /  [2][Establishing connection]] INFO  twitter4j.TwitterStreamImpl.info - Waiting for 500 milliseconds
2025-10-23 00:05:36 [Twitter Stream consumer /  [2][Waiting for 500 milliseconds]] INFO  twitter4j.TwitterStreamImpl.info - Establishing connection.
2025-10-23 00:05:37 [Twitter Stream consumer /  [2][Establishing connection]] INFO  twitter4j.TwitterStreamImpl.info - https://stream.twitter.com/1.1/statuses/filter.json
2025-10-23 00:05:37 [Twitter Stream consumer /  [2][Establishing connection]] INFO  twitter4j.TwitterStreamImpl.info - Waiting for 1000 milliseconds
2025-10-23 00:05:38 [Twitter Stream consumer /  [2][Waiting for 1000 milliseconds]] INFO  twitter4j.TwitterStreamImpl.info - Establishing connection.
2025-10-23 00:05:39 [Twitter Stream consumer /  [2][Establishing connection]] INFO  twitter4j.TwitterStreamImpl.info - https://stream.twitter.com/1.1/statuses/filter.json
2025-10-23 00:05:39 [Twitter Stream consumer /  [2][Establishing connection]] INFO  twitter4j.TwitterStreamImpl.info - Waiting for 2000 milliseconds
2025-10-23 00:05:41 [Twitter Stream consumer /  [2][Waiting for 2000 milliseconds]] INFO  twitter4j.TwitterStreamImpl.info - Establishing connection.
2025-10-23 00:05:42 [Twitter Stream consumer /  [2][Establishing connection]] INFO  twitter4j.TwitterStreamImpl.info - https://stream.twitter.com/1.1/statuses/filter.json
2025-10-23 00:05:42 [Twitter Stream consumer /  [2][Establishing connection]] INFO  twitter4j.TwitterStreamImpl.info - Waiting for 4000 milliseconds
2025-10-23 00:05:46 [Twitter Stream consumer /  [2][Waiting for 4000 milliseconds]] INFO  twitter4j.TwitterStreamImpl.info - Establishing connection.
2025-10-23 00:05:46 [Twitter Stream consumer /  [2][Establishing connection]] INFO  twitter4j.TwitterStreamImpl.info - https://stream.twitter.com/1.1/statuses/filter.json
2025-10-23 00:05:46 [Twitter Stream consumer /  [2][Establishing connection]] INFO  twitter4j.TwitterStreamImpl.info - Waiting for 8000 milliseconds
2025-10-23 00:05:54 [Twitter Stream consumer /  [2][Waiting for 8000 milliseconds]] INFO  twitter4j.TwitterStreamImpl.info - Establishing connection.
2025-10-23 00:05:55 [Twitter Stream consumer /  [2][Establishing connection]] INFO  twitter4j.TwitterStreamImpl.info - https://stream.twitter.com/1.1/statuses/filter.json
2025-10-23 00:05:55 [Twitter Stream consumer /  [2][Establishing connection]] INFO  twitter4j.TwitterStreamImpl.info - Waiting for 16000 milliseconds
2025-10-23 00:06:05 [SpringApplicationShutdownHook] INFO  c.c.m.d.t.k.r.i.TwitterKafkaStreamRunner.shutdown - Closing twitter stream
2025-10-23 00:16:02 [main] INFO  c.c.m.d.t.k.s.TwitterToKafkaServiceApplication.logStarting - Starting TwitterToKafkaServiceApplication using Java 21.0.8 with PID 82161 (/Users/carlos/javaTuts/modern-spring-microservices-with-kafka/microservices-demo/twitter-kafka-service/target/classes started by carlos in /Users/carlos/javaTuts/modern-spring-microservices-with-kafka/microservices-demo)
2025-10-23 00:16:02 [main] INFO  c.c.m.d.t.k.s.TwitterToKafkaServiceApplication.logStartupProfileInfo - No active profile set, falling back to 1 default profile: "default"
2025-10-23 00:16:02 [main] INFO  c.c.m.d.t.k.s.TwitterToKafkaServiceApplication.logStarted - Started TwitterToKafkaServiceApplication in 0.45 seconds (process running for 0.718)
2025-10-23 00:16:02 [main] INFO  c.c.m.d.t.k.s.TwitterToKafkaServiceApplication.run - Application starts...
2025-10-23 00:16:02 [main] INFO  c.c.m.d.t.k.s.TwitterToKafkaServiceApplication.run - [Java, Microservices, Spring, Kafka, ElasticSearch]
2025-10-23 00:16:02 [main] INFO  c.c.m.d.t.k.s.TwitterToKafkaServiceApplication.run - Hello, Microservices!
2025-10-23 00:16:02 [Twitter Stream consumer /  [1][initializing]] INFO  twitter4j.TwitterStreamImpl.info - Establishing connection.
2025-10-23 00:16:02 [Twitter Stream consumer /  [2][initializing]] INFO  twitter4j.TwitterStreamImpl.info - Establishing connection.
2025-10-23 00:16:02 [main] INFO  c.c.m.d.t.k.r.i.TwitterKafkaStreamRunner.addFilter - Started filtering twitter stream for keywords [Java, Microservices, Spring, Kafka, ElasticSearch]
2025-10-23 00:16:03 [Twitter Stream consumer /  [1][Establishing connection]] INFO  twitter4j.TwitterStreamImpl.info - https://stream.twitter.com/1.1/statuses/sample.json?stall_warnings=true
2025-10-23 00:16:03 [Twitter Stream consumer /  [2][Establishing connection]] INFO  twitter4j.TwitterStreamImpl.info - https://stream.twitter.com/1.1/statuses/filter.json
2025-10-23 00:16:03 [Twitter Stream consumer /  [2][Establishing connection]] INFO  twitter4j.TwitterStreamImpl.info - Waiting for 250 milliseconds
2025-10-23 00:16:03 [Twitter Stream consumer /  [2][Waiting for 250 milliseconds]] INFO  twitter4j.TwitterStreamImpl.info - Establishing connection.
2025-10-23 00:16:04 [Twitter Stream consumer /  [2][Establishing connection]] INFO  twitter4j.TwitterStreamImpl.info - https://stream.twitter.com/1.1/statuses/filter.json
2025-10-23 00:16:04 [Twitter Stream consumer /  [2][Establishing connection]] INFO  twitter4j.TwitterStreamImpl.info - Waiting for 500 milliseconds
2025-10-23 00:16:04 [Twitter Stream consumer /  [2][Waiting for 500 milliseconds]] INFO  twitter4j.TwitterStreamImpl.info - Establishing connection.
2025-10-23 00:16:05 [Twitter Stream consumer /  [2][Establishing connection]] INFO  twitter4j.TwitterStreamImpl.info - https://stream.twitter.com/1.1/statuses/filter.json
2025-10-23 00:16:05 [Twitter Stream consumer /  [2][Establishing connection]] INFO  twitter4j.TwitterStreamImpl.info - Waiting for 1000 milliseconds
2025-10-23 00:16:06 [Twitter Stream consumer /  [2][Waiting for 1000 milliseconds]] INFO  twitter4j.TwitterStreamImpl.info - Establishing connection.
2025-10-23 00:16:06 [Twitter Stream consumer /  [2][Establishing connection]] INFO  twitter4j.TwitterStreamImpl.info - https://stream.twitter.com/1.1/statuses/filter.json
2025-10-23 00:16:06 [Twitter Stream consumer /  [2][Establishing connection]] INFO  twitter4j.TwitterStreamImpl.info - Waiting for 2000 milliseconds
2025-10-23 00:16:08 [Twitter Stream consumer /  [2][Waiting for 2000 milliseconds]] INFO  twitter4j.TwitterStreamImpl.info - Establishing connection.
2025-10-23 00:16:09 [Twitter Stream consumer /  [2][Establishing connection]] INFO  twitter4j.TwitterStreamImpl.info - https://stream.twitter.com/1.1/statuses/filter.json
2025-10-23 00:16:09 [Twitter Stream consumer /  [2][Establishing connection]] INFO  twitter4j.TwitterStreamImpl.info - Waiting for 4000 milliseconds
2025-10-23 00:16:13 [Twitter Stream consumer /  [2][Waiting for 4000 milliseconds]] INFO  twitter4j.TwitterStreamImpl.info - Establishing connection.
2025-10-23 00:16:13 [Twitter Stream consumer /  [2][Establishing connection]] INFO  twitter4j.TwitterStreamImpl.info - https://stream.twitter.com/1.1/statuses/filter.json
2025-10-23 00:16:13 [Twitter Stream consumer /  [2][Establishing connection]] INFO  twitter4j.TwitterStreamImpl.info - Waiting for 8000 milliseconds
2025-10-23 00:16:21 [Twitter Stream consumer /  [2][Waiting for 8000 milliseconds]] INFO  twitter4j.TwitterStreamImpl.info - Establishing connection.
2025-10-23 00:16:22 [Twitter Stream consumer /  [2][Establishing connection]] INFO  twitter4j.TwitterStreamImpl.info - https://stream.twitter.com/1.1/statuses/filter.json
2025-10-23 00:16:22 [Twitter Stream consumer /  [2][Establishing connection]] INFO  twitter4j.TwitterStreamImpl.info - Waiting for 16000 milliseconds
2025-10-23 00:16:32 [SpringApplicationShutdownHook] INFO  c.c.m.d.t.k.r.i.TwitterKafkaStreamRunner.shutdown - Closing twitter stream
2025-10-23 00:16:43 [main] INFO  c.c.m.d.t.k.s.TwitterToKafkaServiceApplication.logStarting - Starting TwitterToKafkaServiceApplication using Java 21.0.8 with PID 82180 (/Users/carlos/javaTuts/modern-spring-microservices-with-kafka/microservices-demo/twitter-kafka-service/target/classes started by carlos in /Users/carlos/javaTuts/modern-spring-microservices-with-kafka/microservices-demo)
2025-10-23 00:16:43 [main] INFO  c.c.m.d.t.k.s.TwitterToKafkaServiceApplication.logStartupProfileInfo - No active profile set, falling back to 1 default profile: "default"
2025-10-23 00:16:43 [main] INFO  c.c.m.d.t.k.s.TwitterToKafkaServiceApplication.logStarted - Started TwitterToKafkaServiceApplication in 0.506 seconds (process running for 1.747)
2025-10-23 00:16:43 [main] INFO  c.c.m.d.t.k.s.TwitterToKafkaServiceApplication.run - Application starts...
2025-10-23 00:16:43 [main] INFO  c.c.m.d.t.k.s.TwitterToKafkaServiceApplication.run - [Java, Microservices, Spring, Kafka, ElasticSearch]
2025-10-23 00:16:43 [main] INFO  c.c.m.d.t.k.s.TwitterToKafkaServiceApplication.run - Hello, Microservices!
2025-10-23 00:16:43 [Twitter Stream consumer /  [1][initializing]] INFO  twitter4j.TwitterStreamImpl.info - Establishing connection.
2025-10-23 00:18:23 [Twitter Stream consumer /  [2][initializing]] INFO  twitter4j.TwitterStreamImpl.info - Establishing connection.
2025-10-23 00:18:23 [main] INFO  c.c.m.d.t.k.r.i.TwitterKafkaStreamRunner.addFilter - Started filtering twitter stream for keywords [Java, Microservices, Spring, Kafka, ElasticSearch]
2025-10-23 00:18:23 [SpringApplicationShutdownHook] INFO  c.c.m.d.t.k.r.i.TwitterKafkaStreamRunner.shutdown - Closing twitter stream
2025-10-23 00:18:28 [main] INFO  c.c.m.d.t.k.s.TwitterToKafkaServiceApplication.logStarting - Starting TwitterToKafkaServiceApplication using Java 21.0.8 with PID 82235 (/Users/carlos/javaTuts/modern-spring-microservices-with-kafka/microservices-demo/twitter-kafka-service/target/classes started by carlos in /Users/carlos/javaTuts/modern-spring-microservices-with-kafka/microservices-demo)
2025-10-23 00:18:28 [main] INFO  c.c.m.d.t.k.s.TwitterToKafkaServiceApplication.logStartupProfileInfo - No active profile set, falling back to 1 default profile: "default"
2025-10-23 00:18:29 [main] INFO  c.c.m.d.t.k.s.TwitterToKafkaServiceApplication.logStarted - Started TwitterToKafkaServiceApplication in 0.497 seconds (process running for 1.026)
2025-10-23 00:18:29 [main] INFO  c.c.m.d.t.k.s.TwitterToKafkaServiceApplication.run - Application starts...
2025-10-23 00:18:29 [main] INFO  c.c.m.d.t.k.s.TwitterToKafkaServiceApplication.run - [Java, Microservices, Spring, Kafka, ElasticSearch]
2025-10-23 00:18:29 [main] INFO  c.c.m.d.t.k.s.TwitterToKafkaServiceApplication.run - Hello, Microservices!
2025-10-23 00:18:29 [Twitter Stream consumer /  [1][initializing]] INFO  twitter4j.TwitterStreamImpl.info - Establishing connection.
2025-10-23 00:18:32 [Twitter Stream consumer /  [2][initializing]] INFO  twitter4j.TwitterStreamImpl.info - Establishing connection.
2025-10-23 00:18:32 [main] INFO  c.c.m.d.t.k.r.i.TwitterKafkaStreamRunner.addFilter - Started filtering twitter stream for keywords [Java, Microservices, Spring, Kafka, ElasticSearch]
2025-10-23 00:18:32 [Twitter Stream consumer /  [2][Establishing connection]] INFO  twitter4j.TwitterStreamImpl.info - https://stream.twitter.com/1.1/statuses/filter.json
2025-10-23 00:18:32 [Twitter Stream consumer /  [2][Establishing connection]] INFO  twitter4j.TwitterStreamImpl.info - Waiting for 250 milliseconds
2025-10-23 00:18:33 [Twitter Stream consumer /  [2][Waiting for 250 milliseconds]] INFO  twitter4j.TwitterStreamImpl.info - Establishing connection.
2025-10-23 00:18:33 [Twitter Stream consumer /  [2][Establishing connection]] INFO  twitter4j.TwitterStreamImpl.info - https://stream.twitter.com/1.1/statuses/filter.json
2025-10-23 00:18:33 [Twitter Stream consumer /  [2][Establishing connection]] INFO  twitter4j.TwitterStreamImpl.info - Waiting for 500 milliseconds
2025-10-23 00:18:34 [Twitter Stream consumer /  [2][Waiting for 500 milliseconds]] INFO  twitter4j.TwitterStreamImpl.info - Establishing connection.
2025-10-23 00:18:34 [Twitter Stream consumer /  [2][Establishing connection]] INFO  twitter4j.TwitterStreamImpl.info - https://stream.twitter.com/1.1/statuses/filter.json
2025-10-23 00:18:34 [Twitter Stream consumer /  [2][Establishing connection]] INFO  twitter4j.TwitterStreamImpl.info - Waiting for 1000 milliseconds
2025-10-23 00:18:34 [Twitter Stream consumer /  [1][Disposing thread]] INFO  twitter4j.TwitterStreamImpl.info - https://stream.twitter.com/1.1/statuses/sample.json?stall_warnings=true
2025-10-23 00:18:35 [Twitter Stream consumer /  [2][Waiting for 1000 milliseconds]] INFO  twitter4j.TwitterStreamImpl.info - Establishing connection.
2025-10-23 00:18:35 [Twitter Stream consumer /  [2][Establishing connection]] INFO  twitter4j.TwitterStreamImpl.info - https://stream.twitter.com/1.1/statuses/filter.json
2025-10-23 00:18:35 [Twitter Stream consumer /  [2][Establishing connection]] INFO  twitter4j.TwitterStreamImpl.info - Waiting for 2000 milliseconds
2025-10-23 00:18:37 [Twitter Stream consumer /  [2][Waiting for 2000 milliseconds]] INFO  twitter4j.TwitterStreamImpl.info - Establishing connection.
2025-10-23 00:18:38 [Twitter Stream consumer /  [2][Establishing connection]] INFO  twitter4j.TwitterStreamImpl.info - https://stream.twitter.com/1.1/statuses/filter.json
2025-10-23 00:18:38 [Twitter Stream consumer /  [2][Establishing connection]] INFO  twitter4j.TwitterStreamImpl.info - Waiting for 4000 milliseconds
2025-10-23 00:18:42 [Twitter Stream consumer /  [2][Waiting for 4000 milliseconds]] INFO  twitter4j.TwitterStreamImpl.info - Establishing connection.
2025-10-23 00:18:42 [Twitter Stream consumer /  [2][Establishing connection]] INFO  twitter4j.TwitterStreamImpl.info - https://stream.twitter.com/1.1/statuses/filter.json
2025-10-23 00:18:42 [Twitter Stream consumer /  [2][Establishing connection]] INFO  twitter4j.TwitterStreamImpl.info - Waiting for 8000 milliseconds
2025-10-23 00:18:46 [SpringApplicationShutdownHook] INFO  c.c.m.d.t.k.r.i.TwitterKafkaStreamRunner.shutdown - Closing twitter stream
2025-10-23 00:21:08 [main] INFO  c.c.m.d.t.k.s.TwitterToKafkaServiceApplication.logStarting - Starting TwitterToKafkaServiceApplication using Java 21.0.8 with PID 82311 (/Users/carlos/javaTuts/modern-spring-microservices-with-kafka/microservices-demo/twitter-kafka-service/target/classes started by carlos in /Users/carlos/javaTuts/modern-spring-microservices-with-kafka/microservices-demo)
2025-10-23 00:21:08 [main] INFO  c.c.m.d.t.k.s.TwitterToKafkaServiceApplication.logStartupProfileInfo - No active profile set, falling back to 1 default profile: "default"
2025-10-23 00:21:08 [main] INFO  c.c.m.d.t.k.s.TwitterToKafkaServiceApplication.logStarted - Started TwitterToKafkaServiceApplication in 0.448 seconds (process running for 0.71)
2025-10-23 00:21:08 [main] INFO  c.c.m.d.t.k.s.TwitterToKafkaServiceApplication.run - Application starts...
2025-10-23 00:21:08 [main] INFO  c.c.m.d.t.k.s.TwitterToKafkaServiceApplication.run - [Java, Microservices, Spring, Kafka, ElasticSearch]
2025-10-23 00:21:08 [main] INFO  c.c.m.d.t.k.s.TwitterToKafkaServiceApplication.run - Hello, Microservices!
2025-10-23 00:21:08 [Twitter Stream consumer /  [1][initializing]] INFO  twitter4j.TwitterStreamImpl.info - Establishing connection.
2025-10-23 00:21:08 [Twitter Stream consumer /  [2][initializing]] INFO  twitter4j.TwitterStreamImpl.info - Establishing connection.
2025-10-23 00:21:08 [main] INFO  c.c.m.d.t.k.r.i.TwitterKafkaStreamRunner.addFilter - Started filtering twitter stream for keywords [Java, Microservices, Spring, Kafka, ElasticSearch]
2025-10-23 00:21:08 [main] WARN  c.c.m.d.t.k.s.TwitterToKafkaServiceApplication.main - BeanDefinitionName: org.springframework.context.annotation.internalConfigurationAnnotationProcessor
2025-10-23 00:21:08 [main] WARN  c.c.m.d.t.k.s.TwitterToKafkaServiceApplication.main - BeanDefinitionName: org.springframework.context.annotation.internalAutowiredAnnotationProcessor
2025-10-23 00:21:08 [main] WARN  c.c.m.d.t.k.s.TwitterToKafkaServiceApplication.main - BeanDefinitionName: org.springframework.context.annotation.internalCommonAnnotationProcessor
2025-10-23 00:21:08 [main] WARN  c.c.m.d.t.k.s.TwitterToKafkaServiceApplication.main - BeanDefinitionName: org.springframework.context.event.internalEventListenerProcessor
2025-10-23 00:21:08 [main] WARN  c.c.m.d.t.k.s.TwitterToKafkaServiceApplication.main - BeanDefinitionName: org.springframework.context.event.internalEventListenerFactory
2025-10-23 00:21:08 [main] WARN  c.c.m.d.t.k.s.TwitterToKafkaServiceApplication.main - BeanDefinitionName: twitterToKafkaServiceApplication
2025-10-23 00:21:08 [main] WARN  c.c.m.d.t.k.s.TwitterToKafkaServiceApplication.main - BeanDefinitionName: org.springframework.boot.autoconfigure.internalCachingMetadataReaderFactory
2025-10-23 00:21:08 [main] WARN  c.c.m.d.t.k.s.TwitterToKafkaServiceApplication.main - BeanDefinitionName: twitterToKafkaConfig
2025-10-23 00:21:08 [main] WARN  c.c.m.d.t.k.s.TwitterToKafkaServiceApplication.main - BeanDefinitionName: twitterKafkaStatusListener
2025-10-23 00:21:08 [main] WARN  c.c.m.d.t.k.s.TwitterToKafkaServiceApplication.main - BeanDefinitionName: twitterKafkaStreamRunner
2025-10-23 00:21:08 [main] WARN  c.c.m.d.t.k.s.TwitterToKafkaServiceApplication.main - BeanDefinitionName: org.springframework.boot.autoconfigure.AutoConfigurationPackages
2025-10-23 00:21:08 [main] WARN  c.c.m.d.t.k.s.TwitterToKafkaServiceApplication.main - BeanDefinitionName: org.springframework.boot.autoconfigure.context.PropertyPlaceholderAutoConfiguration
2025-10-23 00:21:08 [main] WARN  c.c.m.d.t.k.s.TwitterToKafkaServiceApplication.main - BeanDefinitionName: propertySourcesPlaceholderConfigurer
2025-10-23 00:21:08 [main] WARN  c.c.m.d.t.k.s.TwitterToKafkaServiceApplication.main - BeanDefinitionName: org.springframework.boot.autoconfigure.aop.AopAutoConfiguration$ClassProxyingConfiguration
2025-10-23 00:21:08 [main] WARN  c.c.m.d.t.k.s.TwitterToKafkaServiceApplication.main - BeanDefinitionName: forceAutoProxyCreatorToUseClassProxying
2025-10-23 00:21:08 [main] WARN  c.c.m.d.t.k.s.TwitterToKafkaServiceApplication.main - BeanDefinitionName: org.springframework.boot.autoconfigure.aop.AopAutoConfiguration
2025-10-23 00:21:08 [main] WARN  c.c.m.d.t.k.s.TwitterToKafkaServiceApplication.main - BeanDefinitionName: org.springframework.boot.autoconfigure.availability.ApplicationAvailabilityAutoConfiguration
2025-10-23 00:21:08 [main] WARN  c.c.m.d.t.k.s.TwitterToKafkaServiceApplication.main - BeanDefinitionName: applicationAvailability
2025-10-23 00:21:08 [main] WARN  c.c.m.d.t.k.s.TwitterToKafkaServiceApplication.main - BeanDefinitionName: org.springframework.boot.autoconfigure.context.ConfigurationPropertiesAutoConfiguration
2025-10-23 00:21:08 [main] WARN  c.c.m.d.t.k.s.TwitterToKafkaServiceApplication.main - BeanDefinitionName: org.springframework.boot.context.properties.ConfigurationPropertiesBindingPostProcessor
2025-10-23 00:21:08 [main] WARN  c.c.m.d.t.k.s.TwitterToKafkaServiceApplication.main - BeanDefinitionName: org.springframework.boot.context.internalConfigurationPropertiesBinder
2025-10-23 00:21:08 [main] WARN  c.c.m.d.t.k.s.TwitterToKafkaServiceApplication.main - BeanDefinitionName: org.springframework.boot.context.properties.BoundConfigurationProperties
2025-10-23 00:21:08 [main] WARN  c.c.m.d.t.k.s.TwitterToKafkaServiceApplication.main - BeanDefinitionName: org.springframework.boot.context.properties.EnableConfigurationPropertiesRegistrar.methodValidationExcludeFilter
2025-10-23 00:21:08 [main] WARN  c.c.m.d.t.k.s.TwitterToKafkaServiceApplication.main - BeanDefinitionName: org.springframework.boot.autoconfigure.context.LifecycleAutoConfiguration
2025-10-23 00:21:08 [main] WARN  c.c.m.d.t.k.s.TwitterToKafkaServiceApplication.main - BeanDefinitionName: lifecycleProcessor
2025-10-23 00:21:08 [main] WARN  c.c.m.d.t.k.s.TwitterToKafkaServiceApplication.main - BeanDefinitionName: spring.lifecycle-org.springframework.boot.autoconfigure.context.LifecycleProperties
2025-10-23 00:21:08 [main] WARN  c.c.m.d.t.k.s.TwitterToKafkaServiceApplication.main - BeanDefinitionName: org.springframework.boot.autoconfigure.info.ProjectInfoAutoConfiguration
2025-10-23 00:21:08 [main] WARN  c.c.m.d.t.k.s.TwitterToKafkaServiceApplication.main - BeanDefinitionName: spring.info-org.springframework.boot.autoconfigure.info.ProjectInfoProperties
2025-10-23 00:21:08 [main] WARN  c.c.m.d.t.k.s.TwitterToKafkaServiceApplication.main - BeanDefinitionName: org.springframework.boot.autoconfigure.sql.init.SqlInitializationAutoConfiguration
2025-10-23 00:21:08 [main] WARN  c.c.m.d.t.k.s.TwitterToKafkaServiceApplication.main - BeanDefinitionName: spring.sql.init-org.springframework.boot.autoconfigure.sql.init.SqlInitializationProperties
2025-10-23 00:21:08 [main] WARN  c.c.m.d.t.k.s.TwitterToKafkaServiceApplication.main - BeanDefinitionName: org.springframework.boot.sql.init.dependency.DatabaseInitializationDependencyConfigurer$DependsOnDatabaseInitializationPostProcessor
2025-10-23 00:21:08 [main] WARN  c.c.m.d.t.k.s.TwitterToKafkaServiceApplication.main - BeanDefinitionName: org.springframework.boot.autoconfigure.ssl.SslAutoConfiguration
2025-10-23 00:21:08 [main] WARN  c.c.m.d.t.k.s.TwitterToKafkaServiceApplication.main - BeanDefinitionName: fileWatcher
2025-10-23 00:21:08 [main] WARN  c.c.m.d.t.k.s.TwitterToKafkaServiceApplication.main - BeanDefinitionName: sslPropertiesSslBundleRegistrar
2025-10-23 00:21:08 [main] WARN  c.c.m.d.t.k.s.TwitterToKafkaServiceApplication.main - BeanDefinitionName: sslBundleRegistry
2025-10-23 00:21:08 [main] WARN  c.c.m.d.t.k.s.TwitterToKafkaServiceApplication.main - BeanDefinitionName: spring.ssl-org.springframework.boot.autoconfigure.ssl.SslProperties
2025-10-23 00:21:08 [main] WARN  c.c.m.d.t.k.s.TwitterToKafkaServiceApplication.main - BeanDefinitionName: org.springframework.boot.autoconfigure.task.TaskExecutorConfigurations$ThreadPoolTaskExecutorBuilderConfiguration
2025-10-23 00:21:08 [main] WARN  c.c.m.d.t.k.s.TwitterToKafkaServiceApplication.main - BeanDefinitionName: threadPoolTaskExecutorBuilder
2025-10-23 00:21:08 [main] WARN  c.c.m.d.t.k.s.TwitterToKafkaServiceApplication.main - BeanDefinitionName: org.springframework.boot.autoconfigure.task.TaskExecutorConfigurations$SimpleAsyncTaskExecutorBuilderConfiguration
2025-10-23 00:21:08 [main] WARN  c.c.m.d.t.k.s.TwitterToKafkaServiceApplication.main - BeanDefinitionName: simpleAsyncTaskExecutorBuilder
2025-10-23 00:21:08 [main] WARN  c.c.m.d.t.k.s.TwitterToKafkaServiceApplication.main - BeanDefinitionName: org.springframework.boot.autoconfigure.task.TaskExecutorConfigurations$AsyncConfigurerConfiguration
2025-10-23 00:21:08 [main] WARN  c.c.m.d.t.k.s.TwitterToKafkaServiceApplication.main - BeanDefinitionName: applicationTaskExecutorAsyncConfigurer
2025-10-23 00:21:08 [main] WARN  c.c.m.d.t.k.s.TwitterToKafkaServiceApplication.main - BeanDefinitionName: org.springframework.boot.autoconfigure.task.TaskExecutorConfigurations$TaskExecutorConfiguration
2025-10-23 00:21:08 [main] WARN  c.c.m.d.t.k.s.TwitterToKafkaServiceApplication.main - BeanDefinitionName: applicationTaskExecutor
2025-10-23 00:21:08 [main] WARN  c.c.m.d.t.k.s.TwitterToKafkaServiceApplication.main - BeanDefinitionName: org.springframework.boot.autoconfigure.task.TaskExecutorConfigurations$BootstrapExecutorConfiguration
2025-10-23 00:21:08 [main] WARN  c.c.m.d.t.k.s.TwitterToKafkaServiceApplication.main - BeanDefinitionName: bootstrapExecutorAliasPostProcessor
2025-10-23 00:21:08 [main] WARN  c.c.m.d.t.k.s.TwitterToKafkaServiceApplication.main - BeanDefinitionName: org.springframework.boot.autoconfigure.task.TaskExecutionAutoConfiguration
2025-10-23 00:21:08 [main] WARN  c.c.m.d.t.k.s.TwitterToKafkaServiceApplication.main - BeanDefinitionName: spring.task.execution-org.springframework.boot.autoconfigure.task.TaskExecutionProperties
2025-10-23 00:21:08 [main] WARN  c.c.m.d.t.k.s.TwitterToKafkaServiceApplication.main - BeanDefinitionName: org.springframework.boot.autoconfigure.task.TaskSchedulingConfigurations$ThreadPoolTaskSchedulerBuilderConfiguration
2025-10-23 00:21:08 [main] WARN  c.c.m.d.t.k.s.TwitterToKafkaServiceApplication.main - BeanDefinitionName: threadPoolTaskSchedulerBuilder
2025-10-23 00:21:08 [main] WARN  c.c.m.d.t.k.s.TwitterToKafkaServiceApplication.main - BeanDefinitionName: org.springframework.boot.autoconfigure.task.TaskSchedulingConfigurations$SimpleAsyncTaskSchedulerBuilderConfiguration
2025-10-23 00:21:08 [main] WARN  c.c.m.d.t.k.s.TwitterToKafkaServiceApplication.main - BeanDefinitionName: simpleAsyncTaskSchedulerBuilder
2025-10-23 00:21:08 [main] WARN  c.c.m.d.t.k.s.TwitterToKafkaServiceApplication.main - BeanDefinitionName: org.springframework.boot.autoconfigure.task.TaskSchedulingAutoConfiguration
2025-10-23 00:21:08 [main] WARN  c.c.m.d.t.k.s.TwitterToKafkaServiceApplication.main - BeanDefinitionName: spring.task.scheduling-org.springframework.boot.autoconfigure.task.TaskSchedulingProperties
2025-10-23 00:21:08 [main] WARN  c.c.m.d.t.k.s.TwitterToKafkaServiceApplication.main - BeanDefinitionName: org.springframework.aop.config.internalAutoProxyCreator
2025-10-23 00:21:09 [Twitter Stream consumer /  [1][Establishing connection]] INFO  twitter4j.TwitterStreamImpl.info - https://stream.twitter.com/1.1/statuses/sample.json?stall_warnings=true
2025-10-23 00:21:09 [Twitter Stream consumer /  [2][Establishing connection]] INFO  twitter4j.TwitterStreamImpl.info - https://stream.twitter.com/1.1/statuses/filter.json
2025-10-23 00:21:09 [Twitter Stream consumer /  [2][Establishing connection]] INFO  twitter4j.TwitterStreamImpl.info - Waiting for 250 milliseconds
2025-10-23 00:21:09 [Twitter Stream consumer /  [2][Waiting for 250 milliseconds]] INFO  twitter4j.TwitterStreamImpl.info - Establishing connection.
2025-10-23 00:21:09 [Twitter Stream consumer /  [2][Establishing connection]] INFO  twitter4j.TwitterStreamImpl.info - https://stream.twitter.com/1.1/statuses/filter.json
2025-10-23 00:21:09 [Twitter Stream consumer /  [2][Establishing connection]] INFO  twitter4j.TwitterStreamImpl.info - Waiting for 500 milliseconds
2025-10-23 00:21:10 [Twitter Stream consumer /  [2][Waiting for 500 milliseconds]] INFO  twitter4j.TwitterStreamImpl.info - Establishing connection.
2025-10-23 00:21:10 [Twitter Stream consumer /  [2][Establishing connection]] INFO  twitter4j.TwitterStreamImpl.info - https://stream.twitter.com/1.1/statuses/filter.json
2025-10-23 00:21:10 [Twitter Stream consumer /  [2][Establishing connection]] INFO  twitter4j.TwitterStreamImpl.info - Waiting for 1000 milliseconds
2025-10-23 00:21:11 [Twitter Stream consumer /  [2][Waiting for 1000 milliseconds]] INFO  twitter4j.TwitterStreamImpl.info - Establishing connection.
2025-10-23 00:21:12 [Twitter Stream consumer /  [2][Establishing connection]] INFO  twitter4j.TwitterStreamImpl.info - https://stream.twitter.com/1.1/statuses/filter.json
2025-10-23 00:21:12 [Twitter Stream consumer /  [2][Establishing connection]] INFO  twitter4j.TwitterStreamImpl.info - Waiting for 2000 milliseconds
2025-10-23 00:21:14 [Twitter Stream consumer /  [2][Waiting for 2000 milliseconds]] INFO  twitter4j.TwitterStreamImpl.info - Establishing connection.
2025-10-23 00:21:14 [SpringApplicationShutdownHook] INFO  c.c.m.d.t.k.r.i.TwitterKafkaStreamRunner.shutdown - Closing twitter stream
2025-10-23 00:22:23 [main] INFO  c.c.m.d.t.k.s.TwitterToKafkaServiceApplication.logStarting - Starting TwitterToKafkaServiceApplication using Java 21.0.8 with PID 82366 (/Users/carlos/javaTuts/modern-spring-microservices-with-kafka/microservices-demo/twitter-kafka-service/target/classes started by carlos in /Users/carlos/javaTuts/modern-spring-microservices-with-kafka/microservices-demo)
2025-10-23 00:22:23 [main] INFO  c.c.m.d.t.k.s.TwitterToKafkaServiceApplication.logStartupProfileInfo - No active profile set, falling back to 1 default profile: "default"
2025-10-23 00:22:24 [main] INFO  c.c.m.d.t.k.s.TwitterToKafkaServiceApplication.logStarted - Started TwitterToKafkaServiceApplication in 0.451 seconds (process running for 0.726)
2025-10-23 00:22:24 [main] INFO  c.c.m.d.t.k.s.TwitterToKafkaServiceApplication.run - Application starts...
2025-10-23 00:22:24 [main] INFO  c.c.m.d.t.k.s.TwitterToKafkaServiceApplication.run - [Java, Microservices, Spring, Kafka, ElasticSearch]
2025-10-23 00:22:24 [main] INFO  c.c.m.d.t.k.s.TwitterToKafkaServiceApplication.run - Hello, Microservices!
2025-10-23 00:22:24 [Twitter Stream consumer /  [1][initializing]] INFO  twitter4j.TwitterStreamImpl.info - Establishing connection.
2025-10-23 00:22:24 [Twitter Stream consumer /  [2][initializing]] INFO  twitter4j.TwitterStreamImpl.info - Establishing connection.
2025-10-23 00:22:24 [main] INFO  c.c.m.d.t.k.r.i.TwitterKafkaStreamRunner.addFilter - Started filtering twitter stream for keywords [Java, Microservices, Spring, Kafka, ElasticSearch]
2025-10-23 00:22:24 [Twitter Stream consumer /  [1][Establishing connection]] INFO  twitter4j.TwitterStreamImpl.info - https://stream.twitter.com/1.1/statuses/sample.json?stall_warnings=true
2025-10-23 00:22:24 [Twitter Stream consumer /  [2][Establishing connection]] INFO  twitter4j.TwitterStreamImpl.info - https://stream.twitter.com/1.1/statuses/filter.json
2025-10-23 00:22:24 [Twitter Stream consumer /  [2][Establishing connection]] INFO  twitter4j.TwitterStreamImpl.info - Waiting for 250 milliseconds
2025-10-23 00:22:25 [Twitter Stream consumer /  [2][Waiting for 250 milliseconds]] INFO  twitter4j.TwitterStreamImpl.info - Establishing connection.
2025-10-23 00:22:25 [Twitter Stream consumer /  [2][Establishing connection]] INFO  twitter4j.TwitterStreamImpl.info - https://stream.twitter.com/1.1/statuses/filter.json
2025-10-23 00:22:25 [Twitter Stream consumer /  [2][Establishing connection]] INFO  twitter4j.TwitterStreamImpl.info - Waiting for 500 milliseconds
2025-10-23 00:22:26 [Twitter Stream consumer /  [2][Waiting for 500 milliseconds]] INFO  twitter4j.TwitterStreamImpl.info - Establishing connection.
2025-10-23 00:22:26 [Twitter Stream consumer /  [2][Establishing connection]] INFO  twitter4j.TwitterStreamImpl.info - https://stream.twitter.com/1.1/statuses/filter.json
2025-10-23 00:22:26 [Twitter Stream consumer /  [2][Establishing connection]] INFO  twitter4j.TwitterStreamImpl.info - Waiting for 1000 milliseconds
2025-10-23 00:22:27 [Twitter Stream consumer /  [2][Waiting for 1000 milliseconds]] INFO  twitter4j.TwitterStreamImpl.info - Establishing connection.
2025-10-23 00:22:27 [Twitter Stream consumer /  [2][Establishing connection]] INFO  twitter4j.TwitterStreamImpl.info - https://stream.twitter.com/1.1/statuses/filter.json
2025-10-23 00:22:27 [Twitter Stream consumer /  [2][Establishing connection]] INFO  twitter4j.TwitterStreamImpl.info - Waiting for 2000 milliseconds
2025-10-23 00:22:29 [Twitter Stream consumer /  [2][Waiting for 2000 milliseconds]] INFO  twitter4j.TwitterStreamImpl.info - Establishing connection.
2025-10-23 00:22:30 [Twitter Stream consumer /  [2][Establishing connection]] INFO  twitter4j.TwitterStreamImpl.info - https://stream.twitter.com/1.1/statuses/filter.json
2025-10-23 00:22:30 [Twitter Stream consumer /  [2][Establishing connection]] INFO  twitter4j.TwitterStreamImpl.info - Waiting for 4000 milliseconds
2025-10-23 00:22:32 [SpringApplicationShutdownHook] INFO  c.c.m.d.t.k.r.i.TwitterKafkaStreamRunner.shutdown - Closing twitter stream
2025-10-23 00:23:13 [main] INFO  c.c.m.d.t.k.s.TwitterToKafkaServiceApplication.logStarting - Starting TwitterToKafkaServiceApplication using Java 21.0.8 with PID 82414 (/Users/carlos/javaTuts/modern-spring-microservices-with-kafka/microservices-demo/twitter-kafka-service/target/classes started by carlos in /Users/carlos/javaTuts/modern-spring-microservices-with-kafka/microservices-demo)
2025-10-23 00:23:13 [main] INFO  c.c.m.d.t.k.s.TwitterToKafkaServiceApplication.logStartupProfileInfo - No active profile set, falling back to 1 default profile: "default"
2025-10-23 00:23:13 [main] INFO  c.c.m.d.t.k.s.TwitterToKafkaServiceApplication.logStarted - Started TwitterToKafkaServiceApplication in 0.463 seconds (process running for 0.765)
2025-10-23 00:23:13 [main] INFO  c.c.m.d.t.k.s.TwitterToKafkaServiceApplication.run - Application starts...
2025-10-23 00:23:13 [main] INFO  c.c.m.d.t.k.s.TwitterToKafkaServiceApplication.run - [Java, Microservices, Spring, Kafka, ElasticSearch]
2025-10-23 00:23:13 [main] INFO  c.c.m.d.t.k.s.TwitterToKafkaServiceApplication.run - Hello, Microservices!
2025-10-23 00:23:13 [main] INFO  c.c.m.d.t.k.r.i.MockKafkaStreamRunner.start - Starting mock filtering twitter streams for keywords [Java, Microservices, Spring, Kafka, ElasticSearch]
2025-10-23 00:23:13 [main] WARN  c.c.m.d.t.k.s.TwitterToKafkaServiceApplication.main - BeanDefinitionName: mockKafkaStreamRunner
2025-10-23 00:23:14 [pool-2-thread-1] INFO  c.c.m.d.t.k.l.TwitterKafkaStatusListener.onStatus - Twitter status with test sed ultricies pulvinar ipsum amet Maecenas purus sit Microservices ipsum amet Fusce consectetuer libero adipiscing
2025-10-23 00:23:24 [pool-2-thread-1] INFO  c.c.m.d.t.k.l.TwitterKafkaStatusListener.onStatus - Twitter status with test libero posuere adipiscing sed consectetuer ElasticSearch ultricies lectus porttitor
2025-10-23 00:23:34 [pool-2-thread-1] INFO  c.c.m.d.t.k.l.TwitterKafkaStatusListener.onStatus - Twitter status with test libero ultricies lectus dolor Fusce libero Spring adipiscing porttitor massa amet
2025-10-23 00:23:44 [pool-2-thread-1] INFO  c.c.m.d.t.k.l.TwitterKafkaStatusListener.onStatus - Twitter status with test posuere amet pulvinar Lorem ultricies Microservices posuere purus consectetuer Fusce
2025-10-23 00:31:56 [main] INFO  c.c.m.d.t.k.s.TwitterToKafkaServiceApplication.logStarting - Starting TwitterToKafkaServiceApplication using Java 21.0.8 with PID 82713 (/Users/carlos/javaTuts/modern-spring-microservices-with-kafka/microservices-demo/twitter-kafka-service/target/classes started by carlos in /Users/carlos/javaTuts/modern-spring-microservices-with-kafka/microservices-demo)
2025-10-23 00:31:56 [main] INFO  c.c.m.d.t.k.s.TwitterToKafkaServiceApplication.logStartupProfileInfo - No active profile set, falling back to 1 default profile: "default"
2025-10-23 00:31:56 [main] INFO  c.c.m.d.t.k.s.TwitterToKafkaServiceApplication.logStarted - Started TwitterToKafkaServiceApplication in 0.434 seconds (process running for 0.704)
2025-10-23 00:31:56 [main] INFO  c.c.m.d.t.k.s.TwitterToKafkaServiceApplication.run - Application starts...
2025-10-23 00:31:56 [main] INFO  c.c.m.d.t.k.s.TwitterToKafkaServiceApplication.run - [Java, Microservices, Spring, Kafka, ElasticSearch]
2025-10-23 00:31:56 [main] INFO  c.c.m.d.t.k.s.TwitterToKafkaServiceApplication.run - Hello, Microservices!
2025-10-23 00:31:56 [main] INFO  c.c.m.d.t.k.r.i.MockKafkaStreamRunner.start - Starting mock filtering twitter streams for keywords [Java, Microservices, Spring, Kafka, ElasticSearch]
2025-10-23 00:31:56 [pool-2-thread-1] ERROR c.c.m.d.t.k.r.i.MockKafkaStreamRunner.lambda$simulateTwitterStream$1 - Error creating twitter status!
twitter4j.TwitterException: Value Troy of type java.lang.String cannot be converted to JSONObject
	at twitter4j.TwitterObjectFactory.createStatus(TwitterObjectFactory.java:57)
	at com.capfer.microservices.demo.twitter.kafka.runner.impl.MockKafkaStreamRunner.lambda$simulateTwitterStream$1(MockKafkaStreamRunner.java:108)
	at java.base/java.util.concurrent.Executors$RunnableAdapter.call(Executors.java:572)
	at java.base/java.util.concurrent.FutureTask.run(FutureTask.java:317)
	at java.base/java.util.concurrent.ThreadPoolExecutor.runWorker(ThreadPoolExecutor.java:1144)
	at java.base/java.util.concurrent.ThreadPoolExecutor$Worker.run(ThreadPoolExecutor.java:642)
	at java.base/java.lang.Thread.run(Thread.java:1583)
Caused by: twitter4j.JSONException: Value Troy of type java.lang.String cannot be converted to JSONObject
	at twitter4j.JSON.typeMismatch(JSON.java:111)
	at twitter4j.JSONObject.<init>(JSONObject.java:171)
	at twitter4j.JSONObject.<init>(JSONObject.java:184)
	at twitter4j.TwitterObjectFactory.createStatus(TwitterObjectFactory.java:55)
	... 6 common frames omitted
2025-10-23 00:32:39 [main] INFO  c.c.m.d.t.k.s.TwitterToKafkaServiceApplication.logStarting - Starting TwitterToKafkaServiceApplication using Java 21.0.8 with PID 82753 (/Users/carlos/javaTuts/modern-spring-microservices-with-kafka/microservices-demo/twitter-kafka-service/target/classes started by carlos in /Users/carlos/javaTuts/modern-spring-microservices-with-kafka/microservices-demo)
2025-10-23 00:32:39 [main] INFO  c.c.m.d.t.k.s.TwitterToKafkaServiceApplication.logStartupProfileInfo - No active profile set, falling back to 1 default profile: "default"
2025-10-23 00:32:39 [main] INFO  c.c.m.d.t.k.s.TwitterToKafkaServiceApplication.logStarted - Started TwitterToKafkaServiceApplication in 0.416 seconds (process running for 0.677)
2025-10-23 00:32:39 [main] INFO  c.c.m.d.t.k.s.TwitterToKafkaServiceApplication.run - Application starts...
2025-10-23 00:32:39 [main] INFO  c.c.m.d.t.k.s.TwitterToKafkaServiceApplication.run - [Java, Microservices, Spring, Kafka, ElasticSearch]
2025-10-23 00:32:39 [main] INFO  c.c.m.d.t.k.s.TwitterToKafkaServiceApplication.run - Hello, Microservices!
2025-10-23 00:32:39 [main] INFO  c.c.m.d.t.k.r.i.MockKafkaStreamRunner.start - Starting mock filtering twitter streams for keywords [Java, Microservices, Spring, Kafka, ElasticSearch]
2025-10-23 00:32:39 [pool-2-thread-1] ERROR c.c.m.d.t.k.r.i.MockKafkaStreamRunner.lambda$simulateTwitterStream$1 - Error creating twitter status!
twitter4j.TwitterException: Value Cliff of type java.lang.String cannot be converted to JSONObject
	at twitter4j.TwitterObjectFactory.createStatus(TwitterObjectFactory.java:57)
	at com.capfer.microservices.demo.twitter.kafka.runner.impl.MockKafkaStreamRunner.lambda$simulateTwitterStream$1(MockKafkaStreamRunner.java:108)
	at java.base/java.util.concurrent.Executors$RunnableAdapter.call(Executors.java:572)
	at java.base/java.util.concurrent.FutureTask.run(FutureTask.java:317)
	at java.base/java.util.concurrent.ThreadPoolExecutor.runWorker(ThreadPoolExecutor.java:1144)
	at java.base/java.util.concurrent.ThreadPoolExecutor$Worker.run(ThreadPoolExecutor.java:642)
	at java.base/java.lang.Thread.run(Thread.java:1583)
Caused by: twitter4j.JSONException: Value Cliff of type java.lang.String cannot be converted to JSONObject
	at twitter4j.JSON.typeMismatch(JSON.java:111)
	at twitter4j.JSONObject.<init>(JSONObject.java:171)
	at twitter4j.JSONObject.<init>(JSONObject.java:184)
	at twitter4j.TwitterObjectFactory.createStatus(TwitterObjectFactory.java:55)
	... 6 common frames omitted
